{"/Users/miller/Documents/rocketstart-web/client/config/cssMock.js": {"path":"/Users/miller/Documents/rocketstart-web/client/config/cssMock.js","statementMap":{"0":{"start":{"line":1,"column":0},"end":{"line":1,"column":20}}},"fnMap":{},"branchMap":{},"s":{"0":4},"f":{},"b":{},"_coverageSchema":"1a1c01bbd47fc00a2c39e90264f33305004495a9","hash":"5d4bab5b100b3bd5f51c9d67f6624e75cebb88c9"}
,"/Users/miller/Documents/rocketstart-web/client/config/fileMock.js": {"path":"/Users/miller/Documents/rocketstart-web/client/config/fileMock.js","statementMap":{"0":{"start":{"line":1,"column":0},"end":{"line":1,"column":34}}},"fnMap":{},"branchMap":{},"s":{"0":1},"f":{},"b":{},"_coverageSchema":"1a1c01bbd47fc00a2c39e90264f33305004495a9","hash":"ab483f0534632afac09cd92f2e2fd7939668ace1"}
,"/Users/miller/Documents/rocketstart-web/client/src/firebase.js": {"path":"/Users/miller/Documents/rocketstart-web/client/src/firebase.js","statementMap":{"0":{"start":{"line":4,"column":23},"end":{"line":11,"column":1}},"1":{"start":{"line":13,"column":12},"end":{"line":13,"column":41}},"2":{"start":{"line":16,"column":13},"end":{"line":16,"column":25}}},"fnMap":{},"branchMap":{},"s":{"0":4,"1":4,"2":4},"f":{},"b":{},"_coverageSchema":"1a1c01bbd47fc00a2c39e90264f33305004495a9","hash":"a8a406db072d6e5ff332a68a3ca0480a0e3744dc"}
,"/Users/miller/Documents/rocketstart-web/client/src/actions/userActions.js": {"path":"/Users/miller/Documents/rocketstart-web/client/src/actions/userActions.js","statementMap":{"0":{"start":{"line":13,"column":26},"end":{"line":20,"column":1}},"1":{"start":{"line":13,"column":36},"end":{"line":20,"column":1}},"2":{"start":{"line":14,"column":2},"end":{"line":19,"column":3}},"3":{"start":{"line":15,"column":21},"end":{"line":15,"column":47}},"4":{"start":{"line":16,"column":4},"end":{"line":16,"column":46}},"5":{"start":{"line":18,"column":4},"end":{"line":18,"column":16}},"6":{"start":{"line":22,"column":34},"end":{"line":29,"column":1}},"7":{"start":{"line":22,"column":56},"end":{"line":29,"column":1}},"8":{"start":{"line":23,"column":2},"end":{"line":28,"column":3}},"9":{"start":{"line":24,"column":21},"end":{"line":24,"column":67}},"10":{"start":{"line":25,"column":4},"end":{"line":25,"column":51}},"11":{"start":{"line":27,"column":4},"end":{"line":27,"column":16}},"12":{"start":{"line":31,"column":29},"end":{"line":38,"column":1}},"13":{"start":{"line":31,"column":40},"end":{"line":38,"column":1}},"14":{"start":{"line":32,"column":2},"end":{"line":37,"column":3}},"15":{"start":{"line":33,"column":21},"end":{"line":33,"column":51}},"16":{"start":{"line":34,"column":4},"end":{"line":34,"column":53}},"17":{"start":{"line":36,"column":4},"end":{"line":36,"column":16}}},"fnMap":{"0":{"name":"(anonymous_0)","decl":{"start":{"line":13,"column":26},"end":{"line":13,"column":27}},"loc":{"start":{"line":13,"column":36},"end":{"line":20,"column":1}},"line":13},"1":{"name":"(anonymous_1)","decl":{"start":{"line":13,"column":36},"end":{"line":13,"column":37}},"loc":{"start":{"line":13,"column":56},"end":{"line":20,"column":1}},"line":13},"2":{"name":"(anonymous_2)","decl":{"start":{"line":22,"column":34},"end":{"line":22,"column":35}},"loc":{"start":{"line":22,"column":56},"end":{"line":29,"column":1}},"line":22},"3":{"name":"(anonymous_3)","decl":{"start":{"line":22,"column":56},"end":{"line":22,"column":57}},"loc":{"start":{"line":22,"column":76},"end":{"line":29,"column":1}},"line":22},"4":{"name":"(anonymous_4)","decl":{"start":{"line":31,"column":29},"end":{"line":31,"column":30}},"loc":{"start":{"line":31,"column":40},"end":{"line":38,"column":1}},"line":31},"5":{"name":"(anonymous_5)","decl":{"start":{"line":31,"column":40},"end":{"line":31,"column":41}},"loc":{"start":{"line":31,"column":60},"end":{"line":38,"column":1}},"line":31}},"branchMap":{},"s":{"0":4,"1":1,"2":0,"3":0,"4":0,"5":0,"6":4,"7":1,"8":1,"9":1,"10":0,"11":0,"12":4,"13":0,"14":0,"15":0,"16":0,"17":0},"f":{"0":1,"1":0,"2":1,"3":1,"4":0,"5":0},"b":{},"_coverageSchema":"1a1c01bbd47fc00a2c39e90264f33305004495a9","hash":"ad19b6a670a5b2917d67b31dfc61cf9bd52bd0f7"}
,"/Users/miller/Documents/rocketstart-web/client/src/api/index.js": {"path":"/Users/miller/Documents/rocketstart-web/client/src/api/index.js","statementMap":{"0":{"start":{"line":3,"column":12},"end":{"line":3,"column":77}},"1":{"start":{"line":8,"column":26},"end":{"line":8,"column":65}},"2":{"start":{"line":8,"column":39},"end":{"line":8,"column":65}},"3":{"start":{"line":10,"column":34},"end":{"line":10,"column":94}},"4":{"start":{"line":10,"column":56},"end":{"line":10,"column":94}},"5":{"start":{"line":12,"column":29},"end":{"line":12,"column":70}},"6":{"start":{"line":12,"column":40},"end":{"line":12,"column":70}},"7":{"start":{"line":16,"column":30},"end":{"line":16,"column":65}},"8":{"start":{"line":16,"column":39},"end":{"line":16,"column":65}}},"fnMap":{"0":{"name":"(anonymous_0)","decl":{"start":{"line":8,"column":26},"end":{"line":8,"column":27}},"loc":{"start":{"line":8,"column":39},"end":{"line":8,"column":65}},"line":8},"1":{"name":"(anonymous_1)","decl":{"start":{"line":10,"column":34},"end":{"line":10,"column":35}},"loc":{"start":{"line":10,"column":56},"end":{"line":10,"column":94}},"line":10},"2":{"name":"(anonymous_2)","decl":{"start":{"line":12,"column":29},"end":{"line":12,"column":30}},"loc":{"start":{"line":12,"column":40},"end":{"line":12,"column":70}},"line":12},"3":{"name":"(anonymous_3)","decl":{"start":{"line":16,"column":30},"end":{"line":16,"column":31}},"loc":{"start":{"line":16,"column":39},"end":{"line":16,"column":65}},"line":16}},"branchMap":{},"s":{"0":4,"1":4,"2":0,"3":4,"4":1,"5":4,"6":0,"7":4,"8":0},"f":{"0":0,"1":1,"2":0,"3":0},"b":{},"_coverageSchema":"1a1c01bbd47fc00a2c39e90264f33305004495a9","hash":"b3f62a4ffd96d87beb5951f260d695e1257fbe85"}
,"/Users/miller/Documents/rocketstart-web/client/src/components/index.js": {"path":"/Users/miller/Documents/rocketstart-web/client/src/components/index.js","statementMap":{},"fnMap":{},"branchMap":{},"s":{},"f":{},"b":{},"_coverageSchema":"1a1c01bbd47fc00a2c39e90264f33305004495a9","hash":"6a7038ab16298b3de38a95ba84f0c4f244e93cd0"}
,"/Users/miller/Documents/rocketstart-web/client/src/components/error/ErrorBox.jsx": {"path":"/Users/miller/Documents/rocketstart-web/client/src/components/error/ErrorBox.jsx","statementMap":{"0":{"start":{"line":4,"column":14},"end":{"line":10,"column":1}},"1":{"start":{"line":5,"column":2},"end":{"line":9,"column":4}}},"fnMap":{"0":{"name":"(anonymous_0)","decl":{"start":{"line":4,"column":14},"end":{"line":4,"column":15}},"loc":{"start":{"line":4,"column":40},"end":{"line":10,"column":1}},"line":4}},"branchMap":{"0":{"loc":{"start":{"line":6,"column":29},"end":{"line":6,"column":70}},"type":"cond-expr","locations":[{"start":{"line":6,"column":39},"end":{"line":6,"column":54}},{"start":{"line":6,"column":57},"end":{"line":6,"column":70}}],"line":6}},"s":{"0":3,"1":0},"f":{"0":0},"b":{"0":[0,0]},"_coverageSchema":"1a1c01bbd47fc00a2c39e90264f33305004495a9","hash":"3f204325b8da67d630cfeafe6c567f4e3b5d281f"}
,"/Users/miller/Documents/rocketstart-web/client/src/components/explanation/Explanation.jsx": {"path":"/Users/miller/Documents/rocketstart-web/client/src/components/explanation/Explanation.jsx","statementMap":{"0":{"start":{"line":6,"column":20},"end":{"line":83,"column":1}},"1":{"start":{"line":7,"column":2},"end":{"line":82,"column":4}},"2":{"start":{"line":67,"column":10},"end":{"line":71,"column":12}}},"fnMap":{"0":{"name":"(anonymous_0)","decl":{"start":{"line":6,"column":20},"end":{"line":6,"column":21}},"loc":{"start":{"line":6,"column":134},"end":{"line":83,"column":1}},"line":6},"1":{"name":"(anonymous_1)","decl":{"start":{"line":66,"column":34},"end":{"line":66,"column":35}},"loc":{"start":{"line":67,"column":10},"end":{"line":71,"column":12}},"line":67}},"branchMap":{"0":{"loc":{"start":{"line":10,"column":8},"end":{"line":10,"column":54}},"type":"cond-expr","locations":[{"start":{"line":10,"column":18},"end":{"line":10,"column":35}},{"start":{"line":10,"column":38},"end":{"line":10,"column":54}}],"line":10},"1":{"loc":{"start":{"line":23,"column":10},"end":{"line":23,"column":62}},"type":"cond-expr","locations":[{"start":{"line":23,"column":26},"end":{"line":23,"column":43}},{"start":{"line":23,"column":46},"end":{"line":23,"column":62}}],"line":23},"2":{"loc":{"start":{"line":30,"column":10},"end":{"line":30,"column":62}},"type":"cond-expr","locations":[{"start":{"line":30,"column":26},"end":{"line":30,"column":43}},{"start":{"line":30,"column":46},"end":{"line":30,"column":62}}],"line":30},"3":{"loc":{"start":{"line":38,"column":10},"end":{"line":38,"column":60}},"type":"cond-expr","locations":[{"start":{"line":38,"column":24},"end":{"line":38,"column":41}},{"start":{"line":38,"column":44},"end":{"line":38,"column":60}}],"line":38},"4":{"loc":{"start":{"line":46,"column":10},"end":{"line":46,"column":60}},"type":"cond-expr","locations":[{"start":{"line":46,"column":24},"end":{"line":46,"column":41}},{"start":{"line":46,"column":44},"end":{"line":46,"column":60}}],"line":46},"5":{"loc":{"start":{"line":54,"column":10},"end":{"line":54,"column":60}},"type":"cond-expr","locations":[{"start":{"line":54,"column":24},"end":{"line":54,"column":41}},{"start":{"line":54,"column":44},"end":{"line":54,"column":60}}],"line":54},"6":{"loc":{"start":{"line":63,"column":10},"end":{"line":63,"column":60}},"type":"cond-expr","locations":[{"start":{"line":63,"column":24},"end":{"line":63,"column":41}},{"start":{"line":63,"column":44},"end":{"line":63,"column":60}}],"line":63},"7":{"loc":{"start":{"line":66,"column":10},"end":{"line":72,"column":17}},"type":"cond-expr","locations":[{"start":{"line":66,"column":21},"end":{"line":72,"column":10}},{"start":{"line":72,"column":13},"end":{"line":72,"column":17}}],"line":66}},"s":{"0":3,"1":128,"2":4},"f":{"0":128,"1":4},"b":{"0":[32,96],"1":[0,128],"2":[0,128],"3":[1,127],"4":[1,127],"5":[1,127],"6":[1,127],"7":[32,96]},"_coverageSchema":"1a1c01bbd47fc00a2c39e90264f33305004495a9","hash":"1be154e75d1eefbb3624c8d11c48c9f7a98a2c15"}
,"/Users/miller/Documents/rocketstart-web/client/src/components/featureCards/FeatureCards.jsx": {"path":"/Users/miller/Documents/rocketstart-web/client/src/components/featureCards/FeatureCards.jsx","statementMap":{"0":{"start":{"line":4,"column":21},"end":{"line":14,"column":1}},"1":{"start":{"line":5,"column":2},"end":{"line":13,"column":4}}},"fnMap":{"0":{"name":"(anonymous_0)","decl":{"start":{"line":4,"column":21},"end":{"line":4,"column":22}},"loc":{"start":{"line":4,"column":49},"end":{"line":14,"column":1}},"line":4}},"branchMap":{},"s":{"0":3,"1":0},"f":{"0":0},"b":{},"_coverageSchema":"1a1c01bbd47fc00a2c39e90264f33305004495a9","hash":"032de1982f6e96734d978605519580ddb1825fde"}
,"/Users/miller/Documents/rocketstart-web/client/src/components/insight/Insight.jsx": {"path":"/Users/miller/Documents/rocketstart-web/client/src/components/insight/Insight.jsx","statementMap":{"0":{"start":{"line":4,"column":16},"end":{"line":56,"column":1}},"1":{"start":{"line":13,"column":2},"end":{"line":55,"column":4}},"2":{"start":{"line":17,"column":23},"end":{"line":17,"column":43}}},"fnMap":{"0":{"name":"(anonymous_0)","decl":{"start":{"line":4,"column":16},"end":{"line":4,"column":17}},"loc":{"start":{"line":12,"column":6},"end":{"line":56,"column":1}},"line":12},"1":{"name":"(anonymous_1)","decl":{"start":{"line":17,"column":17},"end":{"line":17,"column":18}},"loc":{"start":{"line":17,"column":23},"end":{"line":17,"column":43}},"line":17}},"branchMap":{"0":{"loc":{"start":{"line":16,"column":41},"end":{"line":16,"column":68}},"type":"cond-expr","locations":[{"start":{"line":16,"column":50},"end":{"line":16,"column":63}},{"start":{"line":16,"column":66},"end":{"line":16,"column":68}}],"line":16},"1":{"loc":{"start":{"line":25,"column":16},"end":{"line":25,"column":59}},"type":"cond-expr","locations":[{"start":{"line":25,"column":24},"end":{"line":25,"column":40}},{"start":{"line":25,"column":43},"end":{"line":25,"column":59}}],"line":25},"2":{"loc":{"start":{"line":33,"column":16},"end":{"line":33,"column":61}},"type":"cond-expr","locations":[{"start":{"line":33,"column":26},"end":{"line":33,"column":42}},{"start":{"line":33,"column":45},"end":{"line":33,"column":61}}],"line":33}},"s":{"0":3,"1":128,"2":0},"f":{"0":128,"1":0},"b":{"0":[32,96],"1":[30,98],"2":[1,127]},"_coverageSchema":"1a1c01bbd47fc00a2c39e90264f33305004495a9","hash":"c503c63fa70c85bd49d3a58345bf6101ace7dcbb"}
,"/Users/miller/Documents/rocketstart-web/client/src/components/navbar/Navbar.jsx": {"path":"/Users/miller/Documents/rocketstart-web/client/src/components/navbar/Navbar.jsx","statementMap":{"0":{"start":{"line":9,"column":13},"end":{"line":24,"column":1}},"1":{"start":{"line":10,"column":2},"end":{"line":23,"column":5}},"2":{"start":{"line":26,"column":15},"end":{"line":246,"column":1}},"3":{"start":{"line":27,"column":36},"end":{"line":27,"column":51}},"4":{"start":{"line":28,"column":40},"end":{"line":28,"column":52}},"5":{"start":{"line":29,"column":50},"end":{"line":29,"column":62}},"6":{"start":{"line":30,"column":50},"end":{"line":30,"column":62}},"7":{"start":{"line":31,"column":46},"end":{"line":31,"column":58}},"8":{"start":{"line":32,"column":46},"end":{"line":32,"column":58}},"9":{"start":{"line":33,"column":44},"end":{"line":33,"column":58}},"10":{"start":{"line":34,"column":36},"end":{"line":34,"column":50}},"11":{"start":{"line":35,"column":38},"end":{"line":35,"column":52}},"12":{"start":{"line":36,"column":36},"end":{"line":36,"column":51}},"13":{"start":{"line":37,"column":38},"end":{"line":37,"column":52}},"14":{"start":{"line":41,"column":4},"end":{"line":41,"column":44}},"15":{"start":{"line":42,"column":4},"end":{"line":42,"column":23}},"16":{"start":{"line":43,"column":4},"end":{"line":66,"column":5}},"17":{"start":{"line":45,"column":6},"end":{"line":45,"column":39}},"18":{"start":{"line":46,"column":6},"end":{"line":46,"column":46}},"19":{"start":{"line":47,"column":6},"end":{"line":47,"column":37}},"20":{"start":{"line":48,"column":6},"end":{"line":48,"column":30}},"21":{"start":{"line":49,"column":6},"end":{"line":49,"column":30}},"22":{"start":{"line":50,"column":6},"end":{"line":50,"column":25}},"23":{"start":{"line":51,"column":6},"end":{"line":51,"column":27}},"24":{"start":{"line":52,"column":6},"end":{"line":52,"column":25}},"25":{"start":{"line":53,"column":6},"end":{"line":53,"column":26}},"26":{"start":{"line":57,"column":6},"end":{"line":57,"column":32}},"27":{"start":{"line":58,"column":6},"end":{"line":58,"column":41}},"28":{"start":{"line":59,"column":6},"end":{"line":59,"column":40}},"29":{"start":{"line":60,"column":6},"end":{"line":60,"column":31}},"30":{"start":{"line":61,"column":6},"end":{"line":61,"column":31}},"31":{"start":{"line":62,"column":6},"end":{"line":62,"column":26}},"32":{"start":{"line":63,"column":6},"end":{"line":63,"column":26}},"33":{"start":{"line":64,"column":6},"end":{"line":64,"column":26}},"34":{"start":{"line":65,"column":6},"end":{"line":65,"column":27}},"35":{"start":{"line":70,"column":14},"end":{"line":70,"column":59}},"36":{"start":{"line":71,"column":14},"end":{"line":71,"column":59}},"37":{"start":{"line":72,"column":17},"end":{"line":72,"column":61}},"38":{"start":{"line":73,"column":13},"end":{"line":73,"column":53}},"39":{"start":{"line":74,"column":18},"end":{"line":76,"column":29}},"40":{"start":{"line":79,"column":38},"end":{"line":79,"column":53}},"41":{"start":{"line":81,"column":2},"end":{"line":245,"column":4}},"42":{"start":{"line":126,"column":22},"end":{"line":126,"column":45}},"43":{"start":{"line":136,"column":24},"end":{"line":136,"column":46}},"44":{"start":{"line":160,"column":31},"end":{"line":160,"column":51}},"45":{"start":{"line":167,"column":31},"end":{"line":167,"column":50}},"46":{"start":{"line":182,"column":28},"end":{"line":182,"column":51}},"47":{"start":{"line":191,"column":30},"end":{"line":191,"column":52}}},"fnMap":{"0":{"name":"(anonymous_0)","decl":{"start":{"line":9,"column":13},"end":{"line":9,"column":14}},"loc":{"start":{"line":10,"column":2},"end":{"line":23,"column":5}},"line":10},"1":{"name":"(anonymous_1)","decl":{"start":{"line":26,"column":15},"end":{"line":26,"column":16}},"loc":{"start":{"line":26,"column":40},"end":{"line":246,"column":1}},"line":26},"2":{"name":"handleUserLogin","decl":{"start":{"line":39,"column":11},"end":{"line":39,"column":26}},"loc":{"start":{"line":39,"column":33},"end":{"line":67,"column":3}},"line":39},"3":{"name":"(anonymous_3)","decl":{"start":{"line":125,"column":29},"end":{"line":125,"column":30}},"loc":{"start":{"line":125,"column":35},"end":{"line":127,"column":21}},"line":125},"4":{"name":"(anonymous_4)","decl":{"start":{"line":135,"column":31},"end":{"line":135,"column":32}},"loc":{"start":{"line":135,"column":37},"end":{"line":137,"column":23}},"line":135},"5":{"name":"(anonymous_5)","decl":{"start":{"line":160,"column":25},"end":{"line":160,"column":26}},"loc":{"start":{"line":160,"column":31},"end":{"line":160,"column":51}},"line":160},"6":{"name":"(anonymous_6)","decl":{"start":{"line":167,"column":25},"end":{"line":167,"column":26}},"loc":{"start":{"line":167,"column":31},"end":{"line":167,"column":50}},"line":167},"7":{"name":"(anonymous_7)","decl":{"start":{"line":181,"column":35},"end":{"line":181,"column":36}},"loc":{"start":{"line":181,"column":41},"end":{"line":183,"column":27}},"line":181},"8":{"name":"(anonymous_8)","decl":{"start":{"line":190,"column":37},"end":{"line":190,"column":38}},"loc":{"start":{"line":190,"column":43},"end":{"line":192,"column":29}},"line":190}},"branchMap":{"0":{"loc":{"start":{"line":43,"column":4},"end":{"line":66,"column":5}},"type":"if","locations":[{"start":{"line":43,"column":4},"end":{"line":66,"column":5}},{"start":{"line":55,"column":11},"end":{"line":66,"column":5}}],"line":43},"1":{"loc":{"start":{"line":70,"column":14},"end":{"line":70,"column":59}},"type":"cond-expr","locations":[{"start":{"line":70,"column":31},"end":{"line":70,"column":33}},{"start":{"line":70,"column":36},"end":{"line":70,"column":59}}],"line":70},"2":{"loc":{"start":{"line":71,"column":14},"end":{"line":71,"column":59}},"type":"cond-expr","locations":[{"start":{"line":71,"column":31},"end":{"line":71,"column":54}},{"start":{"line":71,"column":57},"end":{"line":71,"column":59}}],"line":71},"3":{"loc":{"start":{"line":72,"column":17},"end":{"line":72,"column":61}},"type":"cond-expr","locations":[{"start":{"line":72,"column":33},"end":{"line":72,"column":35}},{"start":{"line":72,"column":38},"end":{"line":72,"column":61}}],"line":72},"4":{"loc":{"start":{"line":73,"column":13},"end":{"line":73,"column":53}},"type":"cond-expr","locations":[{"start":{"line":73,"column":25},"end":{"line":73,"column":27}},{"start":{"line":73,"column":30},"end":{"line":73,"column":53}}],"line":73},"5":{"loc":{"start":{"line":74,"column":18},"end":{"line":76,"column":29}},"type":"cond-expr","locations":[{"start":{"line":75,"column":6},"end":{"line":75,"column":32}},{"start":{"line":76,"column":6},"end":{"line":76,"column":29}}],"line":74},"6":{"loc":{"start":{"line":120,"column":13},"end":{"line":154,"column":13}},"type":"cond-expr","locations":[{"start":{"line":121,"column":14},"end":{"line":143,"column":20}},{"start":{"line":145,"column":14},"end":{"line":153,"column":20}}],"line":120},"7":{"loc":{"start":{"line":157,"column":13},"end":{"line":171,"column":13}},"type":"cond-expr","locations":[{"start":{"line":158,"column":14},"end":{"line":163,"column":21}},{"start":{"line":165,"column":14},"end":{"line":170,"column":21}}],"line":157},"8":{"loc":{"start":{"line":172,"column":13},"end":{"line":212,"column":13}},"type":"binary-expr","locations":[{"start":{"line":172,"column":13},"end":{"line":172,"column":23}},{"start":{"line":173,"column":14},"end":{"line":211,"column":20}}],"line":172},"9":{"loc":{"start":{"line":177,"column":21},"end":{"line":208,"column":21}},"type":"cond-expr","locations":[{"start":{"line":178,"column":22},"end":{"line":197,"column":28}},{"start":{"line":199,"column":22},"end":{"line":207,"column":28}}],"line":177},"10":{"loc":{"start":{"line":218,"column":7},"end":{"line":243,"column":7}},"type":"binary-expr","locations":[{"start":{"line":218,"column":7},"end":{"line":218,"column":16}},{"start":{"line":219,"column":8},"end":{"line":242,"column":10}}],"line":218}},"s":{"0":3,"1":0,"2":3,"3":0,"4":0,"5":0,"6":0,"7":0,"8":0,"9":0,"10":0,"11":0,"12":0,"13":0,"14":0,"15":0,"16":0,"17":0,"18":0,"19":0,"20":0,"21":0,"22":0,"23":0,"24":0,"25":0,"26":0,"27":0,"28":0,"29":0,"30":0,"31":0,"32":0,"33":0,"34":0,"35":0,"36":0,"37":0,"38":0,"39":0,"40":0,"41":0,"42":0,"43":0,"44":0,"45":0,"46":0,"47":0},"f":{"0":0,"1":0,"2":0,"3":0,"4":0,"5":0,"6":0,"7":0,"8":0},"b":{"0":[0,0],"1":[0,0],"2":[0,0],"3":[0,0],"4":[0,0],"5":[0,0],"6":[0,0],"7":[0,0],"8":[0,0],"9":[0,0],"10":[0,0]},"_coverageSchema":"1a1c01bbd47fc00a2c39e90264f33305004495a9","hash":"ae0aac1e1f8a5205265c14a82c5f88b194275d0a"}
,"/Users/miller/Documents/rocketstart-web/client/src/components/navbar2/Navbar2.jsx": {"path":"/Users/miller/Documents/rocketstart-web/client/src/components/navbar2/Navbar2.jsx","statementMap":{"0":{"start":{"line":10,"column":13},"end":{"line":40,"column":1}},"1":{"start":{"line":11,"column":19},"end":{"line":11,"column":32}},"2":{"start":{"line":12,"column":21},"end":{"line":12,"column":34}},"3":{"start":{"line":15,"column":4},"end":{"line":20,"column":5}},"4":{"start":{"line":16,"column":6},"end":{"line":16,"column":21}},"5":{"start":{"line":17,"column":6},"end":{"line":17,"column":20}},"6":{"start":{"line":23,"column":2},"end":{"line":39,"column":4}},"7":{"start":{"line":43,"column":16},"end":{"line":164,"column":1}},"8":{"start":{"line":44,"column":36},"end":{"line":44,"column":51}},"9":{"start":{"line":47,"column":50},"end":{"line":47,"column":64}},"10":{"start":{"line":50,"column":50},"end":{"line":50,"column":73}},"11":{"start":{"line":51,"column":13},"end":{"line":51,"column":61}},"12":{"start":{"line":54,"column":4},"end":{"line":54,"column":29}},"13":{"start":{"line":55,"column":4},"end":{"line":55,"column":43}},"14":{"start":{"line":59,"column":19},"end":{"line":59,"column":32}},"15":{"start":{"line":60,"column":23},"end":{"line":60,"column":31}},"16":{"start":{"line":61,"column":16},"end":{"line":61,"column":35}},"17":{"start":{"line":64,"column":38},"end":{"line":64,"column":53}},"18":{"start":{"line":66,"column":2},"end":{"line":163,"column":4}},"19":{"start":{"line":81,"column":48},"end":{"line":81,"column":78}},"20":{"start":{"line":96,"column":48},"end":{"line":96,"column":78}},"21":{"start":{"line":111,"column":16},"end":{"line":111,"column":43}},"22":{"start":{"line":114,"column":16},"end":{"line":114,"column":42}},"23":{"start":{"line":133,"column":31},"end":{"line":133,"column":51}},"24":{"start":{"line":140,"column":31},"end":{"line":140,"column":50}}},"fnMap":{"0":{"name":"(anonymous_0)","decl":{"start":{"line":10,"column":13},"end":{"line":10,"column":14}},"loc":{"start":{"line":10,"column":19},"end":{"line":40,"column":1}},"line":10},"1":{"name":"handleLogOut","decl":{"start":{"line":14,"column":17},"end":{"line":14,"column":29}},"loc":{"start":{"line":14,"column":32},"end":{"line":21,"column":3}},"line":14},"2":{"name":"(anonymous_2)","decl":{"start":{"line":43,"column":16},"end":{"line":43,"column":17}},"loc":{"start":{"line":43,"column":22},"end":{"line":164,"column":1}},"line":43},"3":{"name":"handleModalOpen","decl":{"start":{"line":53,"column":11},"end":{"line":53,"column":26}},"loc":{"start":{"line":53,"column":29},"end":{"line":56,"column":3}},"line":53},"4":{"name":"(anonymous_4)","decl":{"start":{"line":81,"column":29},"end":{"line":81,"column":30}},"loc":{"start":{"line":81,"column":48},"end":{"line":81,"column":78}},"line":81},"5":{"name":"(anonymous_5)","decl":{"start":{"line":96,"column":29},"end":{"line":96,"column":30}},"loc":{"start":{"line":96,"column":48},"end":{"line":96,"column":78}},"line":96},"6":{"name":"(anonymous_6)","decl":{"start":{"line":110,"column":28},"end":{"line":110,"column":29}},"loc":{"start":{"line":110,"column":34},"end":{"line":112,"column":15}},"line":110},"7":{"name":"(anonymous_7)","decl":{"start":{"line":113,"column":28},"end":{"line":113,"column":29}},"loc":{"start":{"line":113,"column":34},"end":{"line":115,"column":15}},"line":113},"8":{"name":"(anonymous_8)","decl":{"start":{"line":133,"column":25},"end":{"line":133,"column":26}},"loc":{"start":{"line":133,"column":31},"end":{"line":133,"column":51}},"line":133},"9":{"name":"(anonymous_9)","decl":{"start":{"line":140,"column":25},"end":{"line":140,"column":26}},"loc":{"start":{"line":140,"column":31},"end":{"line":140,"column":50}},"line":140}},"branchMap":{"0":{"loc":{"start":{"line":51,"column":13},"end":{"line":51,"column":61}},"type":"cond-expr","locations":[{"start":{"line":51,"column":32},"end":{"line":51,"column":45}},{"start":{"line":51,"column":48},"end":{"line":51,"column":61}}],"line":51},"1":{"loc":{"start":{"line":81,"column":48},"end":{"line":81,"column":78}},"type":"cond-expr","locations":[{"start":{"line":81,"column":59},"end":{"line":81,"column":73}},{"start":{"line":81,"column":76},"end":{"line":81,"column":78}}],"line":81},"2":{"loc":{"start":{"line":96,"column":48},"end":{"line":96,"column":78}},"type":"cond-expr","locations":[{"start":{"line":96,"column":59},"end":{"line":96,"column":73}},{"start":{"line":96,"column":76},"end":{"line":96,"column":78}}],"line":96},"3":{"loc":{"start":{"line":118,"column":27},"end":{"line":118,"column":71}},"type":"cond-expr","locations":[{"start":{"line":118,"column":52},"end":{"line":118,"column":66}},{"start":{"line":118,"column":69},"end":{"line":118,"column":71}}],"line":118},"4":{"loc":{"start":{"line":130,"column":13},"end":{"line":144,"column":13}},"type":"cond-expr","locations":[{"start":{"line":131,"column":14},"end":{"line":136,"column":21}},{"start":{"line":138,"column":14},"end":{"line":143,"column":21}}],"line":130},"5":{"loc":{"start":{"line":145,"column":13},"end":{"line":151,"column":13}},"type":"binary-expr","locations":[{"start":{"line":145,"column":13},"end":{"line":145,"column":23}},{"start":{"line":146,"column":14},"end":{"line":150,"column":20}}],"line":145},"6":{"loc":{"start":{"line":155,"column":7},"end":{"line":161,"column":7}},"type":"binary-expr","locations":[{"start":{"line":155,"column":7},"end":{"line":155,"column":16}},{"start":{"line":156,"column":8},"end":{"line":160,"column":10}}],"line":155}},"s":{"0":3,"1":0,"2":0,"3":0,"4":0,"5":0,"6":0,"7":3,"8":32,"9":32,"10":32,"11":32,"12":0,"13":0,"14":32,"15":32,"16":32,"17":32,"18":32,"19":32,"20":32,"21":0,"22":0,"23":0,"24":0},"f":{"0":0,"1":0,"2":32,"3":0,"4":32,"5":32,"6":0,"7":0,"8":0,"9":0},"b":{"0":[32,0],"1":[0,32],"2":[0,32],"3":[0,32],"4":[0,32],"5":[32,0],"6":[32,0]},"_coverageSchema":"1a1c01bbd47fc00a2c39e90264f33305004495a9","hash":"9f60bbeb0e76368b2622293cec5dc57160a3e264"}
,"/Users/miller/Documents/rocketstart-web/client/src/components/navbar3/Navbar3.jsx": {"path":"/Users/miller/Documents/rocketstart-web/client/src/components/navbar3/Navbar3.jsx","statementMap":{"0":{"start":{"line":6,"column":16},"end":{"line":19,"column":1}},"1":{"start":{"line":7,"column":2},"end":{"line":18,"column":4}}},"fnMap":{"0":{"name":"(anonymous_0)","decl":{"start":{"line":6,"column":16},"end":{"line":6,"column":17}},"loc":{"start":{"line":6,"column":22},"end":{"line":19,"column":1}},"line":6}},"branchMap":{},"s":{"0":3,"1":0},"f":{"0":0},"b":{},"_coverageSchema":"1a1c01bbd47fc00a2c39e90264f33305004495a9","hash":"63e571d42f4c044c85d6bb29ec73f560afe7e2ee"}
,"/Users/miller/Documents/rocketstart-web/client/src/components/processFeature/ProcessFeature.jsx": {"path":"/Users/miller/Documents/rocketstart-web/client/src/components/processFeature/ProcessFeature.jsx","statementMap":{"0":{"start":{"line":7,"column":23},"end":{"line":23,"column":1}},"1":{"start":{"line":8,"column":2},"end":{"line":22,"column":4}}},"fnMap":{"0":{"name":"(anonymous_0)","decl":{"start":{"line":7,"column":23},"end":{"line":7,"column":24}},"loc":{"start":{"line":7,"column":73},"end":{"line":23,"column":1}},"line":7}},"branchMap":{},"s":{"0":3,"1":2},"f":{"0":2},"b":{},"_coverageSchema":"1a1c01bbd47fc00a2c39e90264f33305004495a9","hash":"4bf70d848aad3d60cc62fbafaccfb9209266b1be"}
,"/Users/miller/Documents/rocketstart-web/client/src/components/productFeature/ProductFeature.jsx": {"path":"/Users/miller/Documents/rocketstart-web/client/src/components/productFeature/ProductFeature.jsx","statementMap":{"0":{"start":{"line":7,"column":23},"end":{"line":46,"column":1}},"1":{"start":{"line":22,"column":2},"end":{"line":45,"column":4}}},"fnMap":{"0":{"name":"(anonymous_0)","decl":{"start":{"line":7,"column":23},"end":{"line":7,"column":24}},"loc":{"start":{"line":21,"column":6},"end":{"line":46,"column":1}},"line":21}},"branchMap":{},"s":{"0":3,"1":0},"f":{"0":0},"b":{},"_coverageSchema":"1a1c01bbd47fc00a2c39e90264f33305004495a9","hash":"7c8df3243d7526ab104c433785027265e916c997"}
,"/Users/miller/Documents/rocketstart-web/client/src/components/question/Question.jsx": {"path":"/Users/miller/Documents/rocketstart-web/client/src/components/question/Question.jsx","statementMap":{"0":{"start":{"line":5,"column":17},"end":{"line":38,"column":1}},"1":{"start":{"line":6,"column":34},"end":{"line":6,"column":49}},"2":{"start":{"line":7,"column":36},"end":{"line":7,"column":51}},"3":{"start":{"line":8,"column":40},"end":{"line":8,"column":55}},"4":{"start":{"line":11,"column":20},"end":{"line":11,"column":52}},"5":{"start":{"line":12,"column":18},"end":{"line":12,"column":46}},"6":{"start":{"line":13,"column":20},"end":{"line":13,"column":45}},"7":{"start":{"line":16,"column":4},"end":{"line":16,"column":41}},"8":{"start":{"line":16,"column":30},"end":{"line":16,"column":39}},"9":{"start":{"line":17,"column":4},"end":{"line":17,"column":44}},"10":{"start":{"line":17,"column":32},"end":{"line":17,"column":42}},"11":{"start":{"line":18,"column":4},"end":{"line":18,"column":50}},"12":{"start":{"line":18,"column":36},"end":{"line":18,"column":48}},"13":{"start":{"line":21,"column":2},"end":{"line":37,"column":4}}},"fnMap":{"0":{"name":"(anonymous_0)","decl":{"start":{"line":5,"column":17},"end":{"line":5,"column":18}},"loc":{"start":{"line":5,"column":43},"end":{"line":38,"column":1}},"line":5},"1":{"name":"handleClick","decl":{"start":{"line":15,"column":11},"end":{"line":15,"column":22}},"loc":{"start":{"line":15,"column":25},"end":{"line":19,"column":3}},"line":15},"2":{"name":"(anonymous_2)","decl":{"start":{"line":16,"column":16},"end":{"line":16,"column":17}},"loc":{"start":{"line":16,"column":30},"end":{"line":16,"column":39}},"line":16},"3":{"name":"(anonymous_3)","decl":{"start":{"line":17,"column":17},"end":{"line":17,"column":18}},"loc":{"start":{"line":17,"column":32},"end":{"line":17,"column":42}},"line":17},"4":{"name":"(anonymous_4)","decl":{"start":{"line":18,"column":19},"end":{"line":18,"column":20}},"loc":{"start":{"line":18,"column":36},"end":{"line":18,"column":48}},"line":18}},"branchMap":{"0":{"loc":{"start":{"line":11,"column":20},"end":{"line":11,"column":52}},"type":"cond-expr","locations":[{"start":{"line":11,"column":31},"end":{"line":11,"column":40}},{"start":{"line":11,"column":43},"end":{"line":11,"column":52}}],"line":11},"1":{"loc":{"start":{"line":12,"column":18},"end":{"line":12,"column":46}},"type":"cond-expr","locations":[{"start":{"line":12,"column":30},"end":{"line":12,"column":38}},{"start":{"line":12,"column":41},"end":{"line":12,"column":46}}],"line":12},"2":{"loc":{"start":{"line":13,"column":20},"end":{"line":13,"column":45}},"type":"cond-expr","locations":[{"start":{"line":13,"column":34},"end":{"line":13,"column":40}},{"start":{"line":13,"column":43},"end":{"line":13,"column":45}}],"line":13}},"s":{"0":3,"1":6,"2":6,"3":6,"4":6,"5":6,"6":6,"7":1,"8":1,"9":1,"10":1,"11":1,"12":1,"13":6},"f":{"0":6,"1":1,"2":1,"3":1,"4":1},"b":{"0":[1,5],"1":[1,5],"2":[1,5]},"_coverageSchema":"1a1c01bbd47fc00a2c39e90264f33305004495a9","hash":"aaa374211579ceeb2c9cc96da3af52b12b670a89"}
,"/Users/miller/Documents/rocketstart-web/client/src/components/verbExample/VerbExample.jsx": {"path":"/Users/miller/Documents/rocketstart-web/client/src/components/verbExample/VerbExample.jsx","statementMap":{"0":{"start":{"line":4,"column":20},"end":{"line":19,"column":1}},"1":{"start":{"line":5,"column":2},"end":{"line":18,"column":4}}},"fnMap":{"0":{"name":"(anonymous_0)","decl":{"start":{"line":4,"column":20},"end":{"line":4,"column":21}},"loc":{"start":{"line":4,"column":53},"end":{"line":19,"column":1}},"line":4}},"branchMap":{},"s":{"0":3,"1":4},"f":{"0":4},"b":{},"_coverageSchema":"1a1c01bbd47fc00a2c39e90264f33305004495a9","hash":"eb12ea6ddbe4d8976d6891161451d1da37c58be8"}
,"/Users/miller/Documents/rocketstart-web/client/src/constants/actionTypes.js": {"path":"/Users/miller/Documents/rocketstart-web/client/src/constants/actionTypes.js","statementMap":{"0":{"start":{"line":1,"column":22},"end":{"line":1,"column":30}},"1":{"start":{"line":2,"column":27},"end":{"line":2,"column":40}},"2":{"start":{"line":3,"column":29},"end":{"line":3,"column":44}},"3":{"start":{"line":4,"column":30},"end":{"line":4,"column":46}}},"fnMap":{},"branchMap":{},"s":{"0":4,"1":4,"2":4,"3":4},"f":{},"b":{},"_coverageSchema":"1a1c01bbd47fc00a2c39e90264f33305004495a9","hash":"d7628aaeca7b96ab6cca97f120572cc737529364"}
,"/Users/miller/Documents/rocketstart-web/client/src/containers/index.js": {"path":"/Users/miller/Documents/rocketstart-web/client/src/containers/index.js","statementMap":{},"fnMap":{},"branchMap":{},"s":{},"f":{},"b":{},"_coverageSchema":"1a1c01bbd47fc00a2c39e90264f33305004495a9","hash":"976ce01a30700f1fbb361f64bf83d1da9ffed235"}
,"/Users/miller/Documents/rocketstart-web/client/src/containers/calltoaction/CallToAction.jsx": {"path":"/Users/miller/Documents/rocketstart-web/client/src/containers/calltoaction/CallToAction.jsx","statementMap":{"0":{"start":{"line":6,"column":21},"end":{"line":24,"column":1}},"1":{"start":{"line":11,"column":2},"end":{"line":23,"column":4}}},"fnMap":{"0":{"name":"(anonymous_0)","decl":{"start":{"line":6,"column":21},"end":{"line":6,"column":22}},"loc":{"start":{"line":6,"column":35},"end":{"line":24,"column":1}},"line":6},"1":{"name":"buttonClick","decl":{"start":{"line":7,"column":11},"end":{"line":7,"column":22}},"loc":{"start":{"line":7,"column":25},"end":{"line":9,"column":3}},"line":7}},"branchMap":{},"s":{"0":1,"1":1},"f":{"0":1,"1":1},"b":{},"_coverageSchema":"1a1c01bbd47fc00a2c39e90264f33305004495a9","hash":"9c751fcd6ff903d059459bb8c05ea111a4b9ada2"}
,"/Users/miller/Documents/rocketstart-web/client/src/containers/footer/Footer.jsx": {"path":"/Users/miller/Documents/rocketstart-web/client/src/containers/footer/Footer.jsx","statementMap":{"0":{"start":{"line":8,"column":15},"end":{"line":71,"column":1}},"1":{"start":{"line":9,"column":2},"end":{"line":70,"column":4}}},"fnMap":{"0":{"name":"(anonymous_0)","decl":{"start":{"line":8,"column":15},"end":{"line":8,"column":16}},"loc":{"start":{"line":8,"column":21},"end":{"line":71,"column":1}},"line":8}},"branchMap":{},"s":{"0":1,"1":1},"f":{"0":1},"b":{},"_coverageSchema":"1a1c01bbd47fc00a2c39e90264f33305004495a9","hash":"d8e35cf8569bfc188d6871bde936127745da3038"}
,"/Users/miller/Documents/rocketstart-web/client/src/containers/header/Header.jsx": {"path":"/Users/miller/Documents/rocketstart-web/client/src/containers/header/Header.jsx","statementMap":{"0":{"start":{"line":8,"column":15},"end":{"line":104,"column":1}},"1":{"start":{"line":13,"column":2},"end":{"line":103,"column":4}}},"fnMap":{"0":{"name":"(anonymous_0)","decl":{"start":{"line":8,"column":15},"end":{"line":8,"column":16}},"loc":{"start":{"line":8,"column":21},"end":{"line":104,"column":1}},"line":8},"1":{"name":"buttonClick","decl":{"start":{"line":9,"column":11},"end":{"line":9,"column":22}},"loc":{"start":{"line":9,"column":25},"end":{"line":11,"column":3}},"line":9}},"branchMap":{},"s":{"0":1,"1":1},"f":{"0":1,"1":1},"b":{},"_coverageSchema":"1a1c01bbd47fc00a2c39e90264f33305004495a9","hash":"afb7a9d342e38e7524f34eccbfdd2c0bf418e25d"}
,"/Users/miller/Documents/rocketstart-web/client/src/containers/privacy-policy/PrivacyPolicy.jsx": {"path":"/Users/miller/Documents/rocketstart-web/client/src/containers/privacy-policy/PrivacyPolicy.jsx","statementMap":{"0":{"start":{"line":4,"column":22},"end":{"line":116,"column":1}},"1":{"start":{"line":5,"column":2},"end":{"line":115,"column":4}}},"fnMap":{"0":{"name":"(anonymous_0)","decl":{"start":{"line":4,"column":22},"end":{"line":4,"column":23}},"loc":{"start":{"line":4,"column":28},"end":{"line":116,"column":1}},"line":4}},"branchMap":{},"s":{"0":1,"1":1},"f":{"0":1},"b":{},"_coverageSchema":"1a1c01bbd47fc00a2c39e90264f33305004495a9","hash":"a9326f28c8d674af4a2ed98c9abb826734b2c70f"}
,"/Users/miller/Documents/rocketstart-web/client/src/containers/process/Process.jsx": {"path":"/Users/miller/Documents/rocketstart-web/client/src/containers/process/Process.jsx","statementMap":{"0":{"start":{"line":6,"column":20},"end":{"line":23,"column":1}},"1":{"start":{"line":26,"column":16},"end":{"line":48,"column":1}},"2":{"start":{"line":27,"column":2},"end":{"line":47,"column":4}},"3":{"start":{"line":36,"column":8},"end":{"line":43,"column":10}}},"fnMap":{"0":{"name":"(anonymous_0)","decl":{"start":{"line":26,"column":16},"end":{"line":26,"column":17}},"loc":{"start":{"line":26,"column":22},"end":{"line":48,"column":1}},"line":26},"1":{"name":"(anonymous_1)","decl":{"start":{"line":35,"column":23},"end":{"line":35,"column":24}},"loc":{"start":{"line":36,"column":8},"end":{"line":43,"column":10}},"line":36}},"branchMap":{},"s":{"0":1,"1":1,"2":1,"3":2},"f":{"0":1,"1":2},"b":{},"_coverageSchema":"1a1c01bbd47fc00a2c39e90264f33305004495a9","hash":"6d72d299d739159a1b05cb6d5c9e7433df619e41"}
,"/Users/miller/Documents/rocketstart-web/client/src/containers/questions/Questions.jsx": {"path":"/Users/miller/Documents/rocketstart-web/client/src/containers/questions/Questions.jsx","statementMap":{"0":{"start":{"line":6,"column":21},"end":{"line":32,"column":1}},"1":{"start":{"line":35,"column":18},"end":{"line":63,"column":1}},"2":{"start":{"line":36,"column":2},"end":{"line":62,"column":4}},"3":{"start":{"line":54,"column":10},"end":{"line":58,"column":12}}},"fnMap":{"0":{"name":"(anonymous_0)","decl":{"start":{"line":35,"column":18},"end":{"line":35,"column":19}},"loc":{"start":{"line":35,"column":24},"end":{"line":63,"column":1}},"line":35},"1":{"name":"(anonymous_1)","decl":{"start":{"line":53,"column":26},"end":{"line":53,"column":27}},"loc":{"start":{"line":54,"column":10},"end":{"line":58,"column":12}},"line":54}},"branchMap":{},"s":{"0":1,"1":1,"2":1,"3":5},"f":{"0":1,"1":5},"b":{},"_coverageSchema":"1a1c01bbd47fc00a2c39e90264f33305004495a9","hash":"2e02225c29442fea1aab251fb58f8d20a538602c"}
,"/Users/miller/Documents/rocketstart-web/client/src/containers/terms-conditions/TermsConditions.jsx": {"path":"/Users/miller/Documents/rocketstart-web/client/src/containers/terms-conditions/TermsConditions.jsx","statementMap":{"0":{"start":{"line":3,"column":24},"end":{"line":425,"column":1}},"1":{"start":{"line":4,"column":2},"end":{"line":424,"column":4}}},"fnMap":{"0":{"name":"(anonymous_0)","decl":{"start":{"line":3,"column":24},"end":{"line":3,"column":25}},"loc":{"start":{"line":3,"column":30},"end":{"line":425,"column":1}},"line":3}},"branchMap":{},"s":{"0":1,"1":1},"f":{"0":1},"b":{},"_coverageSchema":"1a1c01bbd47fc00a2c39e90264f33305004495a9","hash":"c91a8be69a5b6381f19157ed3ea92eb9192af369"}
,"/Users/miller/Documents/rocketstart-web/client/src/context/AuthProvider.js": {"path":"/Users/miller/Documents/rocketstart-web/client/src/context/AuthProvider.js","statementMap":{"0":{"start":{"line":11,"column":27},"end":{"line":11,"column":42}},"1":{"start":{"line":14,"column":26},"end":{"line":14,"column":36}},"2":{"start":{"line":17,"column":4},"end":{"line":17,"column":65}},"3":{"start":{"line":21,"column":4},"end":{"line":21,"column":61}},"4":{"start":{"line":25,"column":4},"end":{"line":25,"column":25}},"5":{"start":{"line":29,"column":4},"end":{"line":29,"column":51}},"6":{"start":{"line":33,"column":17},"end":{"line":33,"column":56}},"7":{"start":{"line":34,"column":4},"end":{"line":34,"column":18}},"8":{"start":{"line":37,"column":2},"end":{"line":45,"column":9}},"9":{"start":{"line":38,"column":24},"end":{"line":40,"column":6}},"10":{"start":{"line":39,"column":6},"end":{"line":39,"column":27}},"11":{"start":{"line":42,"column":4},"end":{"line":44,"column":6}},"12":{"start":{"line":43,"column":6},"end":{"line":43,"column":20}},"13":{"start":{"line":47,"column":2},"end":{"line":53,"column":4}},"14":{"start":{"line":57,"column":2},"end":{"line":57,"column":33}}},"fnMap":{"0":{"name":"UserAuthContextProvider","decl":{"start":{"line":13,"column":16},"end":{"line":13,"column":39}},"loc":{"start":{"line":13,"column":54},"end":{"line":54,"column":1}},"line":13},"1":{"name":"register","decl":{"start":{"line":16,"column":11},"end":{"line":16,"column":19}},"loc":{"start":{"line":16,"column":37},"end":{"line":18,"column":3}},"line":16},"2":{"name":"logIn","decl":{"start":{"line":20,"column":11},"end":{"line":20,"column":16}},"loc":{"start":{"line":20,"column":34},"end":{"line":22,"column":3}},"line":20},"3":{"name":"logOut","decl":{"start":{"line":24,"column":11},"end":{"line":24,"column":17}},"loc":{"start":{"line":24,"column":20},"end":{"line":26,"column":3}},"line":24},"4":{"name":"changeEmail","decl":{"start":{"line":28,"column":11},"end":{"line":28,"column":22}},"loc":{"start":{"line":28,"column":33},"end":{"line":30,"column":3}},"line":28},"5":{"name":"checkEmail","decl":{"start":{"line":32,"column":11},"end":{"line":32,"column":21}},"loc":{"start":{"line":32,"column":29},"end":{"line":35,"column":3}},"line":32},"6":{"name":"(anonymous_6)","decl":{"start":{"line":37,"column":12},"end":{"line":37,"column":13}},"loc":{"start":{"line":37,"column":18},"end":{"line":45,"column":3}},"line":37},"7":{"name":"(anonymous_7)","decl":{"start":{"line":38,"column":48},"end":{"line":38,"column":49}},"loc":{"start":{"line":38,"column":65},"end":{"line":40,"column":5}},"line":38},"8":{"name":"(anonymous_8)","decl":{"start":{"line":42,"column":11},"end":{"line":42,"column":12}},"loc":{"start":{"line":42,"column":17},"end":{"line":44,"column":5}},"line":42},"9":{"name":"useUserAuth","decl":{"start":{"line":56,"column":16},"end":{"line":56,"column":27}},"loc":{"start":{"line":56,"column":30},"end":{"line":58,"column":1}},"line":56}},"branchMap":{},"s":{"0":4,"1":0,"2":0,"3":0,"4":0,"5":0,"6":0,"7":0,"8":0,"9":0,"10":0,"11":0,"12":0,"13":0,"14":64},"f":{"0":0,"1":0,"2":0,"3":0,"4":0,"5":0,"6":0,"7":0,"8":0,"9":64},"b":{},"_coverageSchema":"1a1c01bbd47fc00a2c39e90264f33305004495a9","hash":"e6c2e951220d53c7e7800541b61b738e0dc0fc97"}
,"/Users/miller/Documents/rocketstart-web/client/src/modals/index.js": {"path":"/Users/miller/Documents/rocketstart-web/client/src/modals/index.js","statementMap":{},"fnMap":{},"branchMap":{},"s":{},"f":{},"b":{},"_coverageSchema":"1a1c01bbd47fc00a2c39e90264f33305004495a9","hash":"4df4eb6e44d100706f272d8151717e6eb7c7650c"}
,"/Users/miller/Documents/rocketstart-web/client/src/modals/account/Account.jsx": {"path":"/Users/miller/Documents/rocketstart-web/client/src/modals/account/Account.jsx","statementMap":{"0":{"start":{"line":8,"column":16},"end":{"line":52,"column":1}},"1":{"start":{"line":9,"column":14},"end":{"line":9,"column":22}},"2":{"start":{"line":10,"column":19},"end":{"line":10,"column":32}},"3":{"start":{"line":11,"column":21},"end":{"line":11,"column":34}},"4":{"start":{"line":13,"column":2},"end":{"line":18,"column":5}},"5":{"start":{"line":14,"column":4},"end":{"line":17,"column":5}},"6":{"start":{"line":15,"column":6},"end":{"line":15,"column":26}},"7":{"start":{"line":16,"column":6},"end":{"line":16,"column":32}},"8":{"start":{"line":21,"column":4},"end":{"line":26,"column":5}},"9":{"start":{"line":22,"column":6},"end":{"line":22,"column":21}},"10":{"start":{"line":23,"column":6},"end":{"line":23,"column":20}},"11":{"start":{"line":25,"column":6},"end":{"line":25,"column":21}},"12":{"start":{"line":29,"column":2},"end":{"line":51,"column":4}}},"fnMap":{"0":{"name":"(anonymous_0)","decl":{"start":{"line":8,"column":16},"end":{"line":8,"column":17}},"loc":{"start":{"line":8,"column":77},"end":{"line":52,"column":1}},"line":8},"1":{"name":"(anonymous_1)","decl":{"start":{"line":13,"column":23},"end":{"line":13,"column":24}},"loc":{"start":{"line":13,"column":29},"end":{"line":18,"column":3}},"line":13},"2":{"name":"handleLogOut","decl":{"start":{"line":20,"column":17},"end":{"line":20,"column":29}},"loc":{"start":{"line":20,"column":32},"end":{"line":27,"column":3}},"line":20}},"branchMap":{"0":{"loc":{"start":{"line":14,"column":4},"end":{"line":17,"column":5}},"type":"if","locations":[{"start":{"line":14,"column":4},"end":{"line":17,"column":5}},{"start":{},"end":{}}],"line":14}},"s":{"0":3,"1":0,"2":0,"3":0,"4":0,"5":0,"6":0,"7":0,"8":0,"9":0,"10":0,"11":0,"12":0},"f":{"0":0,"1":0,"2":0},"b":{"0":[0,0]},"_coverageSchema":"1a1c01bbd47fc00a2c39e90264f33305004495a9","hash":"7df9d8431132f56942ece95f76b997fb4d291d44"}
,"/Users/miller/Documents/rocketstart-web/client/src/modals/account/useOutsideClick.js": {"path":"/Users/miller/Documents/rocketstart-web/client/src/modals/account/useOutsideClick.js","statementMap":{"0":{"start":{"line":5,"column":2},"end":{"line":18,"column":21}},"1":{"start":{"line":6,"column":21},"end":{"line":11,"column":5}},"2":{"start":{"line":7,"column":6},"end":{"line":9,"column":7}},"3":{"start":{"line":8,"column":8},"end":{"line":8,"column":15}},"4":{"start":{"line":10,"column":6},"end":{"line":10,"column":21}},"5":{"start":{"line":12,"column":4},"end":{"line":12,"column":53}},"6":{"start":{"line":13,"column":4},"end":{"line":13,"column":54}},"7":{"start":{"line":14,"column":4},"end":{"line":17,"column":6}},"8":{"start":{"line":15,"column":6},"end":{"line":15,"column":58}},"9":{"start":{"line":16,"column":6},"end":{"line":16,"column":59}}},"fnMap":{"0":{"name":"useOutsideClick","decl":{"start":{"line":4,"column":9},"end":{"line":4,"column":24}},"loc":{"start":{"line":4,"column":39},"end":{"line":19,"column":1}},"line":4},"1":{"name":"(anonymous_1)","decl":{"start":{"line":5,"column":12},"end":{"line":5,"column":13}},"loc":{"start":{"line":5,"column":18},"end":{"line":18,"column":3}},"line":5},"2":{"name":"(anonymous_2)","decl":{"start":{"line":6,"column":21},"end":{"line":6,"column":22}},"loc":{"start":{"line":6,"column":32},"end":{"line":11,"column":5}},"line":6},"3":{"name":"(anonymous_3)","decl":{"start":{"line":14,"column":11},"end":{"line":14,"column":12}},"loc":{"start":{"line":14,"column":17},"end":{"line":17,"column":5}},"line":14}},"branchMap":{"0":{"loc":{"start":{"line":7,"column":6},"end":{"line":9,"column":7}},"type":"if","locations":[{"start":{"line":7,"column":6},"end":{"line":9,"column":7}},{"start":{},"end":{}}],"line":7},"1":{"loc":{"start":{"line":7,"column":10},"end":{"line":7,"column":60}},"type":"binary-expr","locations":[{"start":{"line":7,"column":10},"end":{"line":7,"column":22}},{"start":{"line":7,"column":26},"end":{"line":7,"column":60}}],"line":7}},"s":{"0":0,"1":0,"2":0,"3":0,"4":0,"5":0,"6":0,"7":0,"8":0,"9":0},"f":{"0":0,"1":0,"2":0,"3":0},"b":{"0":[0,0],"1":[0,0]},"_coverageSchema":"1a1c01bbd47fc00a2c39e90264f33305004495a9","hash":"197793eb276698a4eb22c951dc002609b6525b16"}
,"/Users/miller/Documents/rocketstart-web/client/src/modals/signUp/SignUp.jsx": {"path":"/Users/miller/Documents/rocketstart-web/client/src/modals/signUp/SignUp.jsx","statementMap":{"0":{"start":{"line":12,"column":15},"end":{"line":351,"column":1}},"1":{"start":{"line":38,"column":19},"end":{"line":38,"column":32}},"2":{"start":{"line":40,"column":34},"end":{"line":44,"column":4}},"3":{"start":{"line":47,"column":50},"end":{"line":47,"column":64}},"4":{"start":{"line":49,"column":42},"end":{"line":49,"column":57}},"5":{"start":{"line":52,"column":32},"end":{"line":52,"column":47}},"6":{"start":{"line":54,"column":19},"end":{"line":54,"column":32}},"7":{"start":{"line":55,"column":42},"end":{"line":55,"column":55}},"8":{"start":{"line":58,"column":19},"end":{"line":58,"column":31}},"9":{"start":{"line":59,"column":18},"end":{"line":59,"column":30}},"10":{"start":{"line":61,"column":2},"end":{"line":67,"column":25}},"11":{"start":{"line":62,"column":4},"end":{"line":66,"column":5}},"12":{"start":{"line":63,"column":6},"end":{"line":63,"column":30}},"13":{"start":{"line":65,"column":6},"end":{"line":65,"column":31}},"14":{"start":{"line":71,"column":4},"end":{"line":71,"column":24}},"15":{"start":{"line":72,"column":4},"end":{"line":72,"column":42}},"16":{"start":{"line":76,"column":28},"end":{"line":76,"column":43}},"17":{"start":{"line":77,"column":42},"end":{"line":77,"column":54}},"18":{"start":{"line":80,"column":4},"end":{"line":80,"column":23}},"19":{"start":{"line":81,"column":4},"end":{"line":81,"column":20}},"20":{"start":{"line":83,"column":4},"end":{"line":185,"column":5}},"21":{"start":{"line":85,"column":6},"end":{"line":85,"column":25}},"22":{"start":{"line":87,"column":6},"end":{"line":108,"column":7}},"23":{"start":{"line":88,"column":8},"end":{"line":88,"column":62}},"24":{"start":{"line":89,"column":8},"end":{"line":89,"column":46}},"25":{"start":{"line":90,"column":8},"end":{"line":90,"column":29}},"26":{"start":{"line":92,"column":8},"end":{"line":107,"column":9}},"27":{"start":{"line":93,"column":10},"end":{"line":93,"column":49}},"28":{"start":{"line":94,"column":10},"end":{"line":94,"column":25}},"29":{"start":{"line":95,"column":15},"end":{"line":107,"column":9}},"30":{"start":{"line":96,"column":10},"end":{"line":96,"column":77}},"31":{"start":{"line":97,"column":10},"end":{"line":97,"column":25}},"32":{"start":{"line":98,"column":15},"end":{"line":107,"column":9}},"33":{"start":{"line":99,"column":10},"end":{"line":99,"column":63}},"34":{"start":{"line":100,"column":10},"end":{"line":100,"column":25}},"35":{"start":{"line":101,"column":15},"end":{"line":107,"column":9}},"36":{"start":{"line":102,"column":10},"end":{"line":102,"column":64}},"37":{"start":{"line":103,"column":10},"end":{"line":103,"column":25}},"38":{"start":{"line":105,"column":10},"end":{"line":105,"column":33}},"39":{"start":{"line":106,"column":10},"end":{"line":106,"column":25}},"40":{"start":{"line":109,"column":11},"end":{"line":185,"column":5}},"41":{"start":{"line":111,"column":6},"end":{"line":111,"column":25}},"42":{"start":{"line":114,"column":6},"end":{"line":145,"column":7}},"43":{"start":{"line":115,"column":8},"end":{"line":115,"column":65}},"44":{"start":{"line":116,"column":8},"end":{"line":122,"column":10}},"45":{"start":{"line":123,"column":8},"end":{"line":123,"column":46}},"46":{"start":{"line":124,"column":8},"end":{"line":124,"column":29}},"47":{"start":{"line":126,"column":8},"end":{"line":144,"column":9}},"48":{"start":{"line":127,"column":10},"end":{"line":127,"column":72}},"49":{"start":{"line":128,"column":10},"end":{"line":128,"column":25}},"50":{"start":{"line":129,"column":15},"end":{"line":144,"column":9}},"51":{"start":{"line":130,"column":10},"end":{"line":130,"column":74}},"52":{"start":{"line":131,"column":10},"end":{"line":131,"column":25}},"53":{"start":{"line":132,"column":15},"end":{"line":144,"column":9}},"54":{"start":{"line":133,"column":10},"end":{"line":133,"column":63}},"55":{"start":{"line":134,"column":10},"end":{"line":134,"column":25}},"56":{"start":{"line":135,"column":15},"end":{"line":144,"column":9}},"57":{"start":{"line":136,"column":10},"end":{"line":136,"column":77}},"58":{"start":{"line":137,"column":10},"end":{"line":137,"column":25}},"59":{"start":{"line":138,"column":15},"end":{"line":144,"column":9}},"60":{"start":{"line":139,"column":10},"end":{"line":139,"column":74}},"61":{"start":{"line":140,"column":10},"end":{"line":140,"column":25}},"62":{"start":{"line":142,"column":10},"end":{"line":142,"column":33}},"63":{"start":{"line":143,"column":10},"end":{"line":143,"column":25}},"64":{"start":{"line":146,"column":11},"end":{"line":185,"column":5}},"65":{"start":{"line":148,"column":6},"end":{"line":148,"column":25}},"66":{"start":{"line":150,"column":6},"end":{"line":184,"column":7}},"67":{"start":{"line":151,"column":21},"end":{"line":151,"column":60}},"68":{"start":{"line":152,"column":8},"end":{"line":156,"column":9}},"69":{"start":{"line":153,"column":24},"end":{"line":153,"column":35}},"70":{"start":{"line":154,"column":10},"end":{"line":154,"column":41}},"71":{"start":{"line":155,"column":10},"end":{"line":155,"column":22}},"72":{"start":{"line":157,"column":8},"end":{"line":157,"column":66}},"73":{"start":{"line":158,"column":8},"end":{"line":158,"column":34}},"74":{"start":{"line":159,"column":8},"end":{"line":159,"column":43}},"75":{"start":{"line":160,"column":8},"end":{"line":160,"column":42}},"76":{"start":{"line":161,"column":8},"end":{"line":161,"column":33}},"77":{"start":{"line":162,"column":8},"end":{"line":162,"column":33}},"78":{"start":{"line":163,"column":8},"end":{"line":163,"column":31}},"79":{"start":{"line":164,"column":8},"end":{"line":166,"column":9}},"80":{"start":{"line":165,"column":10},"end":{"line":165,"column":42}},"81":{"start":{"line":168,"column":8},"end":{"line":183,"column":9}},"82":{"start":{"line":169,"column":10},"end":{"line":169,"column":77}},"83":{"start":{"line":170,"column":10},"end":{"line":170,"column":25}},"84":{"start":{"line":171,"column":15},"end":{"line":183,"column":9}},"85":{"start":{"line":172,"column":10},"end":{"line":172,"column":72}},"86":{"start":{"line":173,"column":10},"end":{"line":173,"column":25}},"87":{"start":{"line":174,"column":15},"end":{"line":183,"column":9}},"88":{"start":{"line":175,"column":10},"end":{"line":175,"column":74}},"89":{"start":{"line":176,"column":10},"end":{"line":176,"column":25}},"90":{"start":{"line":177,"column":15},"end":{"line":183,"column":9}},"91":{"start":{"line":178,"column":10},"end":{"line":178,"column":74}},"92":{"start":{"line":179,"column":10},"end":{"line":179,"column":25}},"93":{"start":{"line":181,"column":10},"end":{"line":181,"column":33}},"94":{"start":{"line":182,"column":10},"end":{"line":182,"column":25}},"95":{"start":{"line":190,"column":4},"end":{"line":190,"column":20}},"96":{"start":{"line":191,"column":4},"end":{"line":235,"column":5}},"97":{"start":{"line":192,"column":6},"end":{"line":192,"column":39}},"98":{"start":{"line":193,"column":6},"end":{"line":193,"column":46}},"99":{"start":{"line":194,"column":6},"end":{"line":194,"column":37}},"100":{"start":{"line":195,"column":6},"end":{"line":195,"column":30}},"101":{"start":{"line":196,"column":6},"end":{"line":196,"column":30}},"102":{"start":{"line":197,"column":6},"end":{"line":197,"column":29}},"103":{"start":{"line":198,"column":6},"end":{"line":198,"column":25}},"104":{"start":{"line":199,"column":6},"end":{"line":201,"column":7}},"105":{"start":{"line":200,"column":8},"end":{"line":200,"column":48}},"106":{"start":{"line":202,"column":6},"end":{"line":202,"column":32}},"107":{"start":{"line":203,"column":6},"end":{"line":203,"column":28}},"108":{"start":{"line":204,"column":6},"end":{"line":204,"column":26}},"109":{"start":{"line":205,"column":11},"end":{"line":235,"column":5}},"110":{"start":{"line":209,"column":6},"end":{"line":209,"column":32}},"111":{"start":{"line":210,"column":6},"end":{"line":210,"column":41}},"112":{"start":{"line":211,"column":6},"end":{"line":211,"column":40}},"113":{"start":{"line":212,"column":6},"end":{"line":212,"column":31}},"114":{"start":{"line":213,"column":6},"end":{"line":213,"column":31}},"115":{"start":{"line":214,"column":6},"end":{"line":214,"column":29}},"116":{"start":{"line":215,"column":6},"end":{"line":215,"column":26}},"117":{"start":{"line":216,"column":6},"end":{"line":218,"column":7}},"118":{"start":{"line":217,"column":8},"end":{"line":217,"column":40}},"119":{"start":{"line":219,"column":6},"end":{"line":219,"column":32}},"120":{"start":{"line":220,"column":6},"end":{"line":220,"column":29}},"121":{"start":{"line":221,"column":6},"end":{"line":221,"column":27}},"122":{"start":{"line":223,"column":6},"end":{"line":223,"column":39}},"123":{"start":{"line":224,"column":6},"end":{"line":224,"column":33}},"124":{"start":{"line":225,"column":6},"end":{"line":225,"column":36}},"125":{"start":{"line":226,"column":6},"end":{"line":226,"column":30}},"126":{"start":{"line":227,"column":6},"end":{"line":227,"column":30}},"127":{"start":{"line":228,"column":6},"end":{"line":228,"column":26}},"128":{"start":{"line":229,"column":6},"end":{"line":231,"column":7}},"129":{"start":{"line":230,"column":8},"end":{"line":230,"column":41}},"130":{"start":{"line":232,"column":6},"end":{"line":232,"column":33}},"131":{"start":{"line":233,"column":6},"end":{"line":233,"column":29}},"132":{"start":{"line":234,"column":6},"end":{"line":234,"column":27}},"133":{"start":{"line":240,"column":4},"end":{"line":240,"column":25}},"134":{"start":{"line":243,"column":2},"end":{"line":350,"column":4}},"135":{"start":{"line":266,"column":18},"end":{"line":266,"column":68}},"136":{"start":{"line":280,"column":18},"end":{"line":280,"column":69}},"137":{"start":{"line":292,"column":18},"end":{"line":292,"column":72}},"138":{"start":{"line":302,"column":20},"end":{"line":302,"column":40}},"139":{"start":{"line":329,"column":16},"end":{"line":329,"column":41}},"140":{"start":{"line":339,"column":18},"end":{"line":339,"column":42}}},"fnMap":{"0":{"name":"(anonymous_0)","decl":{"start":{"line":12,"column":15},"end":{"line":12,"column":16}},"loc":{"start":{"line":36,"column":6},"end":{"line":351,"column":1}},"line":36},"1":{"name":"(anonymous_1)","decl":{"start":{"line":61,"column":12},"end":{"line":61,"column":13}},"loc":{"start":{"line":61,"column":18},"end":{"line":67,"column":3}},"line":61},"2":{"name":"modalClose","decl":{"start":{"line":70,"column":11},"end":{"line":70,"column":21}},"loc":{"start":{"line":70,"column":24},"end":{"line":73,"column":3}},"line":70},"3":{"name":"handleFormSubmit","decl":{"start":{"line":79,"column":17},"end":{"line":79,"column":33}},"loc":{"start":{"line":79,"column":37},"end":{"line":186,"column":3}},"line":79},"4":{"name":"handleModalSwitch","decl":{"start":{"line":189,"column":11},"end":{"line":189,"column":28}},"loc":{"start":{"line":189,"column":35},"end":{"line":236,"column":3}},"line":189},"5":{"name":"handleCheckChange","decl":{"start":{"line":239,"column":11},"end":{"line":239,"column":28}},"loc":{"start":{"line":239,"column":31},"end":{"line":241,"column":3}},"line":239},"6":{"name":"(anonymous_6)","decl":{"start":{"line":265,"column":26},"end":{"line":265,"column":27}},"loc":{"start":{"line":266,"column":18},"end":{"line":266,"column":68}},"line":266},"7":{"name":"(anonymous_7)","decl":{"start":{"line":279,"column":26},"end":{"line":279,"column":27}},"loc":{"start":{"line":280,"column":18},"end":{"line":280,"column":69}},"line":280},"8":{"name":"(anonymous_8)","decl":{"start":{"line":291,"column":26},"end":{"line":291,"column":27}},"loc":{"start":{"line":292,"column":18},"end":{"line":292,"column":72}},"line":292},"9":{"name":"(anonymous_9)","decl":{"start":{"line":301,"column":28},"end":{"line":301,"column":29}},"loc":{"start":{"line":301,"column":34},"end":{"line":303,"column":19}},"line":301},"10":{"name":"(anonymous_10)","decl":{"start":{"line":328,"column":23},"end":{"line":328,"column":24}},"loc":{"start":{"line":328,"column":29},"end":{"line":330,"column":15}},"line":328},"11":{"name":"(anonymous_11)","decl":{"start":{"line":338,"column":25},"end":{"line":338,"column":26}},"loc":{"start":{"line":338,"column":31},"end":{"line":340,"column":17}},"line":338}},"branchMap":{"0":{"loc":{"start":{"line":62,"column":4},"end":{"line":66,"column":5}},"type":"if","locations":[{"start":{"line":62,"column":4},"end":{"line":66,"column":5}},{"start":{"line":64,"column":11},"end":{"line":66,"column":5}}],"line":62},"1":{"loc":{"start":{"line":62,"column":8},"end":{"line":62,"column":54}},"type":"binary-expr","locations":[{"start":{"line":62,"column":8},"end":{"line":62,"column":19}},{"start":{"line":62,"column":23},"end":{"line":62,"column":54}}],"line":62},"2":{"loc":{"start":{"line":83,"column":4},"end":{"line":185,"column":5}},"type":"if","locations":[{"start":{"line":83,"column":4},"end":{"line":185,"column":5}},{"start":{"line":109,"column":11},"end":{"line":185,"column":5}}],"line":83},"3":{"loc":{"start":{"line":92,"column":8},"end":{"line":107,"column":9}},"type":"if","locations":[{"start":{"line":92,"column":8},"end":{"line":107,"column":9}},{"start":{"line":95,"column":15},"end":{"line":107,"column":9}}],"line":92},"4":{"loc":{"start":{"line":95,"column":15},"end":{"line":107,"column":9}},"type":"if","locations":[{"start":{"line":95,"column":15},"end":{"line":107,"column":9}},{"start":{"line":98,"column":15},"end":{"line":107,"column":9}}],"line":95},"5":{"loc":{"start":{"line":98,"column":15},"end":{"line":107,"column":9}},"type":"if","locations":[{"start":{"line":98,"column":15},"end":{"line":107,"column":9}},{"start":{"line":101,"column":15},"end":{"line":107,"column":9}}],"line":98},"6":{"loc":{"start":{"line":101,"column":15},"end":{"line":107,"column":9}},"type":"if","locations":[{"start":{"line":101,"column":15},"end":{"line":107,"column":9}},{"start":{"line":104,"column":15},"end":{"line":107,"column":9}}],"line":101},"7":{"loc":{"start":{"line":109,"column":11},"end":{"line":185,"column":5}},"type":"if","locations":[{"start":{"line":109,"column":11},"end":{"line":185,"column":5}},{"start":{"line":146,"column":11},"end":{"line":185,"column":5}}],"line":109},"8":{"loc":{"start":{"line":126,"column":8},"end":{"line":144,"column":9}},"type":"if","locations":[{"start":{"line":126,"column":8},"end":{"line":144,"column":9}},{"start":{"line":129,"column":15},"end":{"line":144,"column":9}}],"line":126},"9":{"loc":{"start":{"line":129,"column":15},"end":{"line":144,"column":9}},"type":"if","locations":[{"start":{"line":129,"column":15},"end":{"line":144,"column":9}},{"start":{"line":132,"column":15},"end":{"line":144,"column":9}}],"line":129},"10":{"loc":{"start":{"line":132,"column":15},"end":{"line":144,"column":9}},"type":"if","locations":[{"start":{"line":132,"column":15},"end":{"line":144,"column":9}},{"start":{"line":135,"column":15},"end":{"line":144,"column":9}}],"line":132},"11":{"loc":{"start":{"line":135,"column":15},"end":{"line":144,"column":9}},"type":"if","locations":[{"start":{"line":135,"column":15},"end":{"line":144,"column":9}},{"start":{"line":138,"column":15},"end":{"line":144,"column":9}}],"line":135},"12":{"loc":{"start":{"line":138,"column":15},"end":{"line":144,"column":9}},"type":"if","locations":[{"start":{"line":138,"column":15},"end":{"line":144,"column":9}},{"start":{"line":141,"column":15},"end":{"line":144,"column":9}}],"line":138},"13":{"loc":{"start":{"line":146,"column":11},"end":{"line":185,"column":5}},"type":"if","locations":[{"start":{"line":146,"column":11},"end":{"line":185,"column":5}},{"start":{},"end":{}}],"line":146},"14":{"loc":{"start":{"line":152,"column":8},"end":{"line":156,"column":9}},"type":"if","locations":[{"start":{"line":152,"column":8},"end":{"line":156,"column":9}},{"start":{},"end":{}}],"line":152},"15":{"loc":{"start":{"line":164,"column":8},"end":{"line":166,"column":9}},"type":"if","locations":[{"start":{"line":164,"column":8},"end":{"line":166,"column":9}},{"start":{},"end":{}}],"line":164},"16":{"loc":{"start":{"line":168,"column":8},"end":{"line":183,"column":9}},"type":"if","locations":[{"start":{"line":168,"column":8},"end":{"line":183,"column":9}},{"start":{"line":171,"column":15},"end":{"line":183,"column":9}}],"line":168},"17":{"loc":{"start":{"line":171,"column":15},"end":{"line":183,"column":9}},"type":"if","locations":[{"start":{"line":171,"column":15},"end":{"line":183,"column":9}},{"start":{"line":174,"column":15},"end":{"line":183,"column":9}}],"line":171},"18":{"loc":{"start":{"line":174,"column":15},"end":{"line":183,"column":9}},"type":"if","locations":[{"start":{"line":174,"column":15},"end":{"line":183,"column":9}},{"start":{"line":177,"column":15},"end":{"line":183,"column":9}}],"line":174},"19":{"loc":{"start":{"line":177,"column":15},"end":{"line":183,"column":9}},"type":"if","locations":[{"start":{"line":177,"column":15},"end":{"line":183,"column":9}},{"start":{"line":180,"column":15},"end":{"line":183,"column":9}}],"line":177},"20":{"loc":{"start":{"line":191,"column":4},"end":{"line":235,"column":5}},"type":"if","locations":[{"start":{"line":191,"column":4},"end":{"line":235,"column":5}},{"start":{"line":205,"column":11},"end":{"line":235,"column":5}}],"line":191},"21":{"loc":{"start":{"line":191,"column":8},"end":{"line":191,"column":40}},"type":"binary-expr","locations":[{"start":{"line":191,"column":8},"end":{"line":191,"column":12}},{"start":{"line":191,"column":16},"end":{"line":191,"column":40}}],"line":191},"22":{"loc":{"start":{"line":199,"column":6},"end":{"line":201,"column":7}},"type":"if","locations":[{"start":{"line":199,"column":6},"end":{"line":201,"column":7}},{"start":{},"end":{}}],"line":199},"23":{"loc":{"start":{"line":205,"column":11},"end":{"line":235,"column":5}},"type":"if","locations":[{"start":{"line":205,"column":11},"end":{"line":235,"column":5}},{"start":{"line":222,"column":11},"end":{"line":235,"column":5}}],"line":205},"24":{"loc":{"start":{"line":206,"column":6},"end":{"line":207,"column":47}},"type":"binary-expr","locations":[{"start":{"line":206,"column":7},"end":{"line":206,"column":11}},{"start":{"line":206,"column":15},"end":{"line":206,"column":46}},{"start":{"line":207,"column":7},"end":{"line":207,"column":11}},{"start":{"line":207,"column":15},"end":{"line":207,"column":46}}],"line":206},"25":{"loc":{"start":{"line":216,"column":6},"end":{"line":218,"column":7}},"type":"if","locations":[{"start":{"line":216,"column":6},"end":{"line":218,"column":7}},{"start":{},"end":{}}],"line":216},"26":{"loc":{"start":{"line":229,"column":6},"end":{"line":231,"column":7}},"type":"if","locations":[{"start":{"line":229,"column":6},"end":{"line":231,"column":7}},{"start":{},"end":{}}],"line":229},"27":{"loc":{"start":{"line":345,"column":13},"end":{"line":345,"column":72}},"type":"binary-expr","locations":[{"start":{"line":345,"column":13},"end":{"line":345,"column":18}},{"start":{"line":345,"column":22},"end":{"line":345,"column":72}}],"line":345}},"s":{"0":3,"1":26,"2":26,"3":26,"4":26,"5":26,"6":26,"7":26,"8":26,"9":26,"10":26,"11":9,"12":0,"13":9,"14":0,"15":0,"16":26,"17":26,"18":3,"19":3,"20":3,"21":1,"22":1,"23":1,"24":1,"25":1,"26":0,"27":0,"28":0,"29":0,"30":0,"31":0,"32":0,"33":0,"34":0,"35":0,"36":0,"37":0,"38":0,"39":0,"40":2,"41":1,"42":1,"43":1,"44":1,"45":1,"46":1,"47":0,"48":0,"49":0,"50":0,"51":0,"52":0,"53":0,"54":0,"55":0,"56":0,"57":0,"58":0,"59":0,"60":0,"61":0,"62":0,"63":0,"64":1,"65":1,"66":1,"67":1,"68":1,"69":0,"70":0,"71":0,"72":0,"73":0,"74":0,"75":0,"76":0,"77":0,"78":0,"79":0,"80":0,"81":1,"82":0,"83":0,"84":1,"85":0,"86":0,"87":1,"88":0,"89":0,"90":1,"91":0,"92":0,"93":1,"94":1,"95":6,"96":6,"97":1,"98":1,"99":1,"100":1,"101":1,"102":1,"103":1,"104":1,"105":1,"106":1,"107":1,"108":1,"109":5,"110":2,"111":2,"112":2,"113":2,"114":2,"115":2,"116":2,"117":2,"118":0,"119":2,"120":2,"121":2,"122":3,"123":3,"124":3,"125":3,"126":3,"127":3,"128":3,"129":1,"130":3,"131":3,"132":3,"133":1,"134":26,"135":2,"136":4,"137":3,"138":1,"139":2,"140":4},"f":{"0":26,"1":9,"2":0,"3":3,"4":6,"5":1,"6":2,"7":4,"8":3,"9":1,"10":2,"11":4},"b":{"0":[0,9],"1":[9,0],"2":[1,2],"3":[0,0],"4":[0,0],"5":[0,0],"6":[0,0],"7":[1,1],"8":[0,0],"9":[0,0],"10":[0,0],"11":[0,0],"12":[0,0],"13":[1,0],"14":[0,0],"15":[0,0],"16":[0,1],"17":[0,1],"18":[0,1],"19":[0,1],"20":[1,5],"21":[6,4],"22":[1,0],"23":[2,3],"24":[5,3,4,2],"25":[0,2],"26":[1,2],"27":[26,0]},"_coverageSchema":"1a1c01bbd47fc00a2c39e90264f33305004495a9","hash":"20e9571b2c5cf0028c11285cf7e8b5b8bbc630cf"}
,"/Users/miller/Documents/rocketstart-web/client/src/modals/verification/Verification.jsx": {"path":"/Users/miller/Documents/rocketstart-web/client/src/modals/verification/Verification.jsx","statementMap":{"0":{"start":{"line":8,"column":21},"end":{"line":118,"column":1}},"1":{"start":{"line":9,"column":32},"end":{"line":9,"column":45}},"2":{"start":{"line":11,"column":19},"end":{"line":11,"column":32}},"3":{"start":{"line":14,"column":19},"end":{"line":14,"column":31}},"4":{"start":{"line":17,"column":28},"end":{"line":17,"column":47}},"5":{"start":{"line":19,"column":38},"end":{"line":19,"column":50}},"6":{"start":{"line":21,"column":38},"end":{"line":21,"column":70}},"7":{"start":{"line":23,"column":34},"end":{"line":23,"column":46}},"8":{"start":{"line":27,"column":4},"end":{"line":33,"column":5}},"9":{"start":{"line":28,"column":6},"end":{"line":28,"column":27}},"10":{"start":{"line":29,"column":6},"end":{"line":29,"column":36}},"11":{"start":{"line":30,"column":6},"end":{"line":30,"column":68}},"12":{"start":{"line":32,"column":6},"end":{"line":32,"column":21}},"13":{"start":{"line":38,"column":4},"end":{"line":38,"column":25}},"14":{"start":{"line":39,"column":4},"end":{"line":44,"column":5}},"15":{"start":{"line":40,"column":6},"end":{"line":40,"column":30}},"16":{"start":{"line":43,"column":6},"end":{"line":43,"column":49}},"17":{"start":{"line":49,"column":4},"end":{"line":69,"column":5}},"18":{"start":{"line":51,"column":6},"end":{"line":51,"column":30}},"19":{"start":{"line":52,"column":6},"end":{"line":52,"column":48}},"20":{"start":{"line":55,"column":11},"end":{"line":69,"column":5}},"21":{"start":{"line":57,"column":6},"end":{"line":57,"column":22}},"22":{"start":{"line":58,"column":6},"end":{"line":58,"column":44}},"23":{"start":{"line":60,"column":11},"end":{"line":69,"column":5}},"24":{"start":{"line":62,"column":6},"end":{"line":62,"column":22}},"25":{"start":{"line":63,"column":6},"end":{"line":63,"column":44}},"26":{"start":{"line":64,"column":6},"end":{"line":64,"column":32}},"27":{"start":{"line":65,"column":6},"end":{"line":65,"column":27}},"28":{"start":{"line":66,"column":6},"end":{"line":66,"column":32}},"29":{"start":{"line":72,"column":2},"end":{"line":75,"column":19}},"30":{"start":{"line":74,"column":4},"end":{"line":74,"column":29}},"31":{"start":{"line":77,"column":2},"end":{"line":117,"column":4}},"32":{"start":{"line":103,"column":27},"end":{"line":103,"column":55}}},"fnMap":{"0":{"name":"(anonymous_0)","decl":{"start":{"line":8,"column":21},"end":{"line":8,"column":22}},"loc":{"start":{"line":8,"column":40},"end":{"line":118,"column":1}},"line":8},"1":{"name":"resendVerificationEmail","decl":{"start":{"line":26,"column":17},"end":{"line":26,"column":40}},"loc":{"start":{"line":26,"column":44},"end":{"line":34,"column":3}},"line":26},"2":{"name":"editingEmail","decl":{"start":{"line":37,"column":11},"end":{"line":37,"column":23}},"loc":{"start":{"line":37,"column":31},"end":{"line":45,"column":3}},"line":37},"3":{"name":"handleEmailEdit","decl":{"start":{"line":48,"column":11},"end":{"line":48,"column":26}},"loc":{"start":{"line":48,"column":29},"end":{"line":70,"column":3}},"line":48},"4":{"name":"(anonymous_4)","decl":{"start":{"line":72,"column":12},"end":{"line":72,"column":13}},"loc":{"start":{"line":72,"column":18},"end":{"line":75,"column":3}},"line":72},"5":{"name":"(anonymous_5)","decl":{"start":{"line":103,"column":20},"end":{"line":103,"column":21}},"loc":{"start":{"line":103,"column":27},"end":{"line":103,"column":55}},"line":103}},"branchMap":{"0":{"loc":{"start":{"line":39,"column":4},"end":{"line":44,"column":5}},"type":"if","locations":[{"start":{"line":39,"column":4},"end":{"line":44,"column":5}},{"start":{"line":42,"column":11},"end":{"line":44,"column":5}}],"line":39},"1":{"loc":{"start":{"line":49,"column":4},"end":{"line":69,"column":5}},"type":"if","locations":[{"start":{"line":49,"column":4},"end":{"line":69,"column":5}},{"start":{"line":55,"column":11},"end":{"line":69,"column":5}}],"line":49},"2":{"loc":{"start":{"line":55,"column":11},"end":{"line":69,"column":5}},"type":"if","locations":[{"start":{"line":55,"column":11},"end":{"line":69,"column":5}},{"start":{"line":60,"column":11},"end":{"line":69,"column":5}}],"line":55},"3":{"loc":{"start":{"line":60,"column":11},"end":{"line":69,"column":5}},"type":"if","locations":[{"start":{"line":60,"column":11},"end":{"line":69,"column":5}},{"start":{},"end":{}}],"line":60}},"s":{"0":2,"1":6,"2":6,"3":6,"4":6,"5":6,"6":6,"7":6,"8":1,"9":1,"10":1,"11":1,"12":0,"13":2,"14":2,"15":0,"16":2,"17":1,"18":0,"19":0,"20":1,"21":0,"22":0,"23":1,"24":1,"25":1,"26":1,"27":1,"28":1,"29":6,"30":6,"31":6,"32":2},"f":{"0":6,"1":1,"2":2,"3":1,"4":6,"5":2},"b":{"0":[0,2],"1":[0,1],"2":[0,1],"3":[1,0]},"_coverageSchema":"1a1c01bbd47fc00a2c39e90264f33305004495a9","hash":"e28619cce88f97975aea1e9b73d86b1637c59d89"}
,"/Users/miller/Documents/rocketstart-web/client/src/pages/message/Message.jsx": {"path":"/Users/miller/Documents/rocketstart-web/client/src/pages/message/Message.jsx","statementMap":{"0":{"start":{"line":10,"column":16},"end":{"line":417,"column":1}},"1":{"start":{"line":12,"column":36},"end":{"line":12,"column":51}},"2":{"start":{"line":13,"column":19},"end":{"line":13,"column":32}},"3":{"start":{"line":15,"column":18},"end":{"line":15,"column":28}},"4":{"start":{"line":17,"column":2},"end":{"line":21,"column":13}},"5":{"start":{"line":18,"column":4},"end":{"line":20,"column":5}},"6":{"start":{"line":19,"column":6},"end":{"line":19,"column":25}},"7":{"start":{"line":23,"column":2},"end":{"line":25,"column":9}},"8":{"start":{"line":30,"column":32},"end":{"line":30,"column":44}},"9":{"start":{"line":33,"column":30},"end":{"line":33,"column":45}},"10":{"start":{"line":34,"column":30},"end":{"line":34,"column":45}},"11":{"start":{"line":35,"column":30},"end":{"line":35,"column":45}},"12":{"start":{"line":36,"column":30},"end":{"line":36,"column":45}},"13":{"start":{"line":37,"column":34},"end":{"line":37,"column":49}},"14":{"start":{"line":40,"column":48},"end":{"line":40,"column":60}},"15":{"start":{"line":41,"column":46},"end":{"line":41,"column":58}},"16":{"start":{"line":42,"column":44},"end":{"line":42,"column":56}},"17":{"start":{"line":43,"column":44},"end":{"line":43,"column":56}},"18":{"start":{"line":46,"column":44},"end":{"line":46,"column":59}},"19":{"start":{"line":47,"column":40},"end":{"line":47,"column":55}},"20":{"start":{"line":48,"column":46},"end":{"line":48,"column":58}},"21":{"start":{"line":49,"column":42},"end":{"line":49,"column":54}},"22":{"start":{"line":52,"column":36},"end":{"line":52,"column":49}},"23":{"start":{"line":53,"column":34},"end":{"line":53,"column":47}},"24":{"start":{"line":54,"column":28},"end":{"line":54,"column":41}},"25":{"start":{"line":55,"column":32},"end":{"line":55,"column":45}},"26":{"start":{"line":58,"column":40},"end":{"line":58,"column":62}},"27":{"start":{"line":61,"column":34},"end":{"line":61,"column":46}},"28":{"start":{"line":64,"column":26},"end":{"line":64,"column":41}},"29":{"start":{"line":67,"column":2},"end":{"line":340,"column":16}},"30":{"start":{"line":68,"column":26},"end":{"line":337,"column":12}},"31":{"start":{"line":69,"column":17},"end":{"line":69,"column":41}},"32":{"start":{"line":73,"column":6},"end":{"line":77,"column":7}},"33":{"start":{"line":74,"column":8},"end":{"line":74,"column":25}},"34":{"start":{"line":76,"column":8},"end":{"line":76,"column":24}},"35":{"start":{"line":78,"column":6},"end":{"line":82,"column":7}},"36":{"start":{"line":79,"column":8},"end":{"line":79,"column":25}},"37":{"start":{"line":81,"column":8},"end":{"line":81,"column":24}},"38":{"start":{"line":83,"column":6},"end":{"line":87,"column":7}},"39":{"start":{"line":84,"column":8},"end":{"line":84,"column":24}},"40":{"start":{"line":86,"column":8},"end":{"line":86,"column":25}},"41":{"start":{"line":89,"column":6},"end":{"line":120,"column":7}},"42":{"start":{"line":91,"column":8},"end":{"line":91,"column":32}},"43":{"start":{"line":92,"column":8},"end":{"line":92,"column":30}},"44":{"start":{"line":93,"column":8},"end":{"line":93,"column":25}},"45":{"start":{"line":94,"column":8},"end":{"line":94,"column":27}},"46":{"start":{"line":95,"column":13},"end":{"line":120,"column":7}},"47":{"start":{"line":97,"column":8},"end":{"line":104,"column":9}},"48":{"start":{"line":99,"column":10},"end":{"line":99,"column":33}},"49":{"start":{"line":100,"column":10},"end":{"line":100,"column":27}},"50":{"start":{"line":101,"column":10},"end":{"line":101,"column":28}},"51":{"start":{"line":103,"column":10},"end":{"line":103,"column":34}},"52":{"start":{"line":105,"column":8},"end":{"line":113,"column":9}},"53":{"start":{"line":107,"column":10},"end":{"line":107,"column":31}},"54":{"start":{"line":108,"column":10},"end":{"line":108,"column":27}},"55":{"start":{"line":109,"column":10},"end":{"line":109,"column":28}},"56":{"start":{"line":110,"column":10},"end":{"line":110,"column":41}},"57":{"start":{"line":110,"column":37},"end":{"line":110,"column":39}},"58":{"start":{"line":112,"column":10},"end":{"line":112,"column":32}},"59":{"start":{"line":116,"column":8},"end":{"line":116,"column":32}},"60":{"start":{"line":117,"column":8},"end":{"line":117,"column":30}},"61":{"start":{"line":118,"column":8},"end":{"line":118,"column":24}},"62":{"start":{"line":119,"column":8},"end":{"line":119,"column":27}},"63":{"start":{"line":123,"column":6},"end":{"line":123,"column":36}},"64":{"start":{"line":125,"column":6},"end":{"line":127,"column":7}},"65":{"start":{"line":126,"column":8},"end":{"line":126,"column":28}},"66":{"start":{"line":128,"column":6},"end":{"line":128,"column":53}},"67":{"start":{"line":131,"column":6},"end":{"line":131,"column":34}},"68":{"start":{"line":133,"column":6},"end":{"line":135,"column":7}},"69":{"start":{"line":134,"column":8},"end":{"line":134,"column":27}},"70":{"start":{"line":136,"column":6},"end":{"line":136,"column":51}},"71":{"start":{"line":139,"column":6},"end":{"line":139,"column":27}},"72":{"start":{"line":141,"column":6},"end":{"line":143,"column":7}},"73":{"start":{"line":142,"column":8},"end":{"line":142,"column":23}},"74":{"start":{"line":144,"column":6},"end":{"line":144,"column":51}},"75":{"start":{"line":147,"column":25},"end":{"line":147,"column":64}},"76":{"start":{"line":148,"column":6},"end":{"line":148,"column":31}},"77":{"start":{"line":149,"column":6},"end":{"line":151,"column":7}},"78":{"start":{"line":150,"column":8},"end":{"line":150,"column":25}},"79":{"start":{"line":153,"column":6},"end":{"line":153,"column":48}},"80":{"start":{"line":155,"column":6},"end":{"line":155,"column":49}},"81":{"start":{"line":157,"column":6},"end":{"line":157,"column":45}},"82":{"start":{"line":159,"column":6},"end":{"line":162,"column":7}},"83":{"start":{"line":159,"column":19},"end":{"line":159,"column":20}},"84":{"start":{"line":161,"column":8},"end":{"line":161,"column":38}},"85":{"start":{"line":165,"column":26},"end":{"line":165,"column":28}},"86":{"start":{"line":166,"column":25},"end":{"line":166,"column":27}},"87":{"start":{"line":168,"column":8},"end":{"line":180,"column":9}},"88":{"start":{"line":169,"column":10},"end":{"line":169,"column":59}},"89":{"start":{"line":170,"column":10},"end":{"line":170,"column":54}},"90":{"start":{"line":171,"column":15},"end":{"line":180,"column":9}},"91":{"start":{"line":172,"column":10},"end":{"line":172,"column":67}},"92":{"start":{"line":173,"column":10},"end":{"line":173,"column":53}},"93":{"start":{"line":174,"column":15},"end":{"line":180,"column":9}},"94":{"start":{"line":175,"column":10},"end":{"line":175,"column":79}},"95":{"start":{"line":176,"column":10},"end":{"line":176,"column":66}},"96":{"start":{"line":177,"column":15},"end":{"line":180,"column":9}},"97":{"start":{"line":178,"column":10},"end":{"line":178,"column":62}},"98":{"start":{"line":179,"column":10},"end":{"line":179,"column":61}}
[...]
":14},"end":{"line":306,"column":20}},"154":{"start":{"line":308,"column":14},"end":{"line":308,"column":24}},"155":{"start":{"line":309,"column":14},"end":{"line":309,"column":20}},"156":{"start":{"line":311,"column":14},"end":{"line":311,"column":24}},"157":{"start":{"line":312,"column":14},"end":{"line":312,"column":20}},"158":{"start":{"line":314,"column":14},"end":{"line":314,"column":24}},"159":{"start":{"line":315,"column":14},"end":{"line":315,"column":20}},"160":{"start":{"line":317,"column":14},"end":{"line":317,"column":24}},"161":{"start":{"line":318,"column":14},"end":{"line":318,"column":20}},"162":{"start":{"line":320,"column":14},"end":{"line":320,"column":24}},"163":{"start":{"line":321,"column":14},"end":{"line":321,"column":20}},"164":{"start":{"line":323,"column":14},"end":{"line":323,"column":24}},"165":{"start":{"line":327,"column":19},"end":{"line":333,"column":9}},"166":{"start":{"line":335,"column":8},"end":{"line":335,"column":20}},"167":{"start":{"line":339,"column":4},"end":{"line":339,"column":45}},"168":{"start":{"line":339,"column":17},"end":{"line":339,"column":44}},"169":{"start":{"line":343,"column":21},"end":{"line":349,"column":3}},"170":{"start":{"line":344,"column":4},"end":{"line":344,"column":43}},"171":{"start":{"line":345,"column":4},"end":{"line":345,"column":18}},"172":{"start":{"line":346,"column":4},"end":{"line":348,"column":13}},"173":{"start":{"line":347,"column":6},"end":{"line":347,"column":21}},"174":{"start":{"line":351,"column":2},"end":{"line":416,"column":4}},"175":{"start":{"line":382,"column":31},"end":{"line":382,"column":57}},"176":{"start":{"line":396,"column":31},"end":{"line":396,"column":43}}},"fnMap":{"0":{"name":"(anonymous_0)","decl":{"start":{"line":10,"column":16},"end":{"line":10,"column":17}},"loc":{"start":{"line":10,"column":22},"end":{"line":417,"column":1}},"line":10},"1":{"name":"(anonymous_1)","decl":{"start":{"line":17,"column":12},"end":{"line":17,"column":13}},"loc":{"start":{"line":17,"column":18},"end":{"line":21,"column":3}},"line":17},"2":{"name":"(anonymous_2)","decl":{"start":{"line":23,"column":12},"end":{"line":23,"column":13}},"loc":{"start":{"line":23,"column":18},"end":{"line":25,"column":3}},"line":23},"3":{"name":"(anonymous_3)","decl":{"start":{"line":67,"column":12},"end":{"line":67,"column":13}},"loc":{"start":{"line":67,"column":18},"end":{"line":340,"column":3}},"line":67},"4":{"name":"(anonymous_4)","decl":{"start":{"line":68,"column":37},"end":{"line":68,"column":38}},"loc":{"start":{"line":68,"column":43},"end":{"line":337,"column":5}},"line":68},"5":{"name":"(anonymous_5)","decl":{"start":{"line":110,"column":22},"end":{"line":110,"column":23}},"loc":{"start":{"line":110,"column":37},"end":{"line":110,"column":39}},"line":110},"6":{"name":"examplePhrases","decl":{"start":{"line":164,"column":15},"end":{"line":164,"column":29}},"loc":{"start":{"line":164,"column":36},"end":{"line":186,"column":7}},"line":164},"7":{"name":"(anonymous_7)","decl":{"start":{"line":182,"column":20},"end":{"line":182,"column":21}},"loc":{"start":{"line":182,"column":35},"end":{"line":185,"column":9}},"line":182},"8":{"name":"syllable","decl":{"start":{"line":189,"column":15},"end":{"line":189,"column":23}},"loc":{"start":{"line":189,"column":30},"end":{"line":204,"column":7}},"line":189},"9":{"name":"messageAnalysis","decl":{"start":{"line":206,"column":15},"end":{"line":206,"column":30}},"loc":{"start":{"line":206,"column":37},"end":{"line":336,"column":7}},"line":206},"10":{"name":"(anonymous_10)","decl":{"start":{"line":339,"column":11},"end":{"line":339,"column":12}},"loc":{"start":{"line":339,"column":17},"end":{"line":339,"column":44}},"line":339},"11":{"name":"(anonymous_11)","decl":{"start":{"line":343,"column":21},"end":{"line":343,"column":22}},"loc":{"start":{"line":343,"column":27},"end":{"line":349,"column":3}},"line":343},"12":{"name":"(anonymous_12)","decl":{"start":{"line":346,"column":15},"end":{"line":346,"column":16}},"loc":{"start":{"line":346,"column":27},"end":{"line":348,"column":5}},"line":346},"13":{"name":"(anonymous_13)","decl":{"start":{"line":382,"column":24},"end":{"line":382,"column":25}},"loc":{"start":{"line":382,"column":31},"end":{"line":382,"column":57}},"line":382},"14":{"name":"(anonymous_14)","decl":{"start":{"line":396,"column":25},"end":{"line":396,"column":26}},"loc":{"start":{"line":396,"column":31},"end":{"line":396,"column":43}},"line":396}},"branchMap":{"0":{"loc":{"start":{"line":18,"column":4},"end":{"line":20,"column":5}},"type":"if","locations":[{"start":{"line":18,"column":4},"end":{"line":20,"column":5}},{"start":{},"end":{}}],"line":18},"1":{"loc":{"start":{"line":73,"column":6},"end":{"line":77,"column":7}},"type":"if","locations":[{"start":{"line":73,"column":6},"end":{"line":77,"column":7}},{"start":{"line":75,"column":13},"end":{"line":77,"column":7}}],"line":73},"2":{"loc":{"start":{"line":78,"column":6},"end":{"line":82,"column":7}},"type":"if","locations":[{"start":{"line":78,"column":6},"end":{"line":82,"column":7}},{"start":{"line":80,"column":13},"end":{"line":82,"column":7}}],"line":78},"3":{"loc":{"start":{"line":78,"column":10},"end":{"line":78,"column":54}},"type":"binary-expr","locations":[{"start":{"line":78,"column":10},"end":{"line":78,"column":30}},{"start":{"line":78,"column":34},"end":{"line":78,"column":54}}],"line":78},"4":{"loc":{"start":{"line":83,"column":6},"end":{"line":87,"column":7}},"type":"if","locations":[{"start":{"line":83,"column":6},"end":{"line":87,"column":7}},{"start":{"line":85,"column":13},"end":{"line":87,"column":7}}],"line":83},"5":{"loc":{"start":{"line":83,"column":10},"end":{"line":83,"column":43}},"type":"binary-expr","locations":[{"start":{"line":83,"column":10},"end":{"line":83,"column":24}},{"start":{"line":83,"column":28},"end":{"line":83,"column":43}}],"line":83},"6":{"loc":{"start":{"line":89,"column":6},"end":{"line":120,"column":7}},"type":"if","locations":[{"start":{"line":89,"column":6},"end":{"line":120,"column":7}},{"start":{"line":95,"column":13},"end":{"line":120,"column":7}}],"line":89},"7":{"loc":{"start":{"line":95,"column":13},"end":{"line":120,"column":7}},"type":"if","locations":[{"start":{"line":95,"column":13},"end":{"line":120,"column":7}},{"start":{"line":114,"column":13},"end":{"line":120,"column":7}}],"line":95},"8":{"loc":{"start":{"line":95,"column":17},"end":{"line":95,"column":65}},"type":"binary-expr","locations":[{"start":{"line":95,"column":17},"end":{"line":95,"column":40}},{"start":{"line":95,"column":44},"end":{"line":95,"column":65}}],"line":95},"9":{"loc":{"start":{"line":97,"column":8},"end":{"line":104,"column":9}},"type":"if","locations":[{"start":{"line":97,"column":8},"end":{"line":104,"column":9}},{"start":{"line":102,"column":15},"end":{"line":104,"column":9}}],"line":97},"10":{"loc":{"start":{"line":105,"column":8},"end":{"line":113,"column":9}},"type":"if","locations":[{"start":{"line":105,"column":8},"end":{"line":113,"column":9}},{"start":{"line":111,"column":15},"end":{"line":113,"column":9}}],"line":105},"11":{"loc":{"start":{"line":125,"column":6},"end":{"line":127,"column":7}},"type":"if","locations":[{"start":{"line":125,"column":6},"end":{"line":127,"column":7}},{"start":{},"end":{}}],"line":125},"12":{"loc":{"start":{"line":133,"column":6},"end":{"line":135,"column":7}},"type":"if","locations":[{"start":{"line":133,"column":6},"end":{"line":135,"column":7}},{"start":{},"end":{}}],"line":133},"13":{"loc":{"start":{"line":141,"column":6},"end":{"line":143,"column":7}},"type":"if","locations":[{"start":{"line":141,"column":6},"end":{"line":143,"column":7}},{"start":{},"end":{}}],"line":141},"14":{"loc":{"start":{"line":149,"column":6},"end":{"line":151,"column":7}},"type":"if","locations":[{"start":{"line":149,"column":6},"end":{"line":151,"column":7}},{"start":{},"end":{}}],"line":149},"15":{"loc":{"start":{"line":168,"column":8},"end":{"line":180,"column":9}},"type":"if","locations":[{"start":{"line":168,"column":8},"end":{"line":180,"column":9}},{"start":{"line":171,"column":15},"end":{"line":180,"column":9}}],"line":168},"16":{"loc":{"start":{"line":171,"column":15},"end":{"line":180,"column":9}},"type":"if","locations":[{"start":{"line":171,"column":15},"end":{"line":180,"column":9}},{"start":{"line":174,"column":15},"end":{"line":180,"column":9}}],"line":171},"17":{"loc":{"start":{"line":174,"column":15},"end":{"line":180,"column":9}},"type":"if","locations":[{"start":{"line":174,"column":15},"end":{"line":180,"column":9}},{"start":{"line":177,"column":15},"end":{"line":180,"column":9}}],"line":174},"18":{"loc":{"start":{"line":174,"column":19},"end":{"line":174,"column":62}},"type":"binary-expr","locations":[{"start":{"line":174,"column":19},"end":{"line":174,"column":38}},{"start":{"line":174,"column":42},"end":{"line":174,"column":62}}],"line":174},"19":{"loc":{"start":{"line":177,"column":15},"end":{"line":180,"column":9}},"type":"if","locations":[{"start":{"line":177,"column":15},"end":{"line":180,"column":9}},{"start":{},"end":{}}],"line":177},"20":{"loc":{"start":{"line":198,"column":8},"end":{"line":203,"column":9}},"type":"if","locations":[{"start":{"line":198,"column":8},"end":{"line":203,"column":9}},{"start":{"line":201,"column":15},"end":{"line":203,"column":9}}],"line":198},"21":{"loc":{"start":{"line":198,"column":12},"end":{"line":198,"column":48}},"type":"binary-expr","locations":[{"start":{"line":198,"column":12},"end":{"line":198,"column":16}},{"start":{"line":198,"column":20},"end":{"line":198,"column":48}}],"line":198},"22":{"loc":{"start":{"line":217,"column":8},"end":{"line":221,"column":9}},"type":"if","locations":[{"start":{"line":217,"column":8},"end":{"line":221,"column":9}},{"start":{"line":219,"column":15},"end":{"line":221,"column":9}}],"line":217},"23":{"loc":{"start":{"line":219,"column":15},"end":{"line":221,"column":9}},"type":"if","locations":[{"start":{"line":219,"column":15},"end":{"line":221,"column":9}},{"start":{},"end":{}}],"line":219},"24":{"loc":{"start":{"line":224,"column":25},"end":{"line":224,"column":60}},"type":"binary-expr","locations":[{"start":{"line":224,"column":25},"end":{"line":224,"column":54}},{"start":{"line":224,"column":58},"end":{"line":224,"column":60}}],"line":224},"25":{"loc":{"start":{"line":224,"column":26},"end":{"line":224,"column":36}},"type":"binary-expr","locations":[{"start":{"line":224,"column":26},"end":{"line":224,"column":30}},{"start":{"line":224,"column":34},"end":{"line":224,"column":36}}],"line":224},"26":{"loc":{"start":{"line":238,"column":8},"end":{"line":240,"column":9}},"type":"if","locations":[{"start":{"line":238,"column":8},"end":{"line":240,"column":9}},{"start":{},"end":{}}],"line":238},"27":{"loc":{"start":{"line":242,"column":8},"end":{"line":244,"column":9}},"type":"if","locations":[{"start":{"line":242,"column":8},"end":{"line":244,"column":9}},{"start":{},"end":{}}],"line":242},"28":{"loc":{"start":{"line":257,"column":10},"end":{"line":259,"column":11}},"type":"if","locations":[{"start":{"line":257,"column":10},"end":{"line":259,"column":11}},{"start":{},"end":{}}],"line":257},"29":{"loc":{"start":{"line":263,"column":10},"end":{"line":270,"column":11}},"type":"if","locations":[{"start":{"line":263,"column":10},"end":{"line":270,"column":11}},{"start":{},"end":{}}],"line":263},"30":{"loc":{"start":{"line":266,"column":12},"end":{"line":269,"column":13}},"type":"if","locations":[{"start":{"line":266,"column":12},"end":{"line":269,"column":13}},{"start":{},"end":{}}],"line":266},"31":{"loc":{"start":{"line":282,"column":8},"end":{"line":325,"column":9}},"type":"if","locations":[{"start":{"line":282,"column":8},"end":{"line":325,"column":9}},{"start":{},"end":{}}],"line":282},"32":{"loc":{"start":{"line":288,"column":10},"end":{"line":324,"column":11}},"type":"switch","locations":[{"start":{"line":289,"column":12},"end":{"line":291,"column":20}},{"start":{"line":292,"column":12},"end":{"line":294,"column":20}},{"start":{"line":295,"column":12},"end":{"line":297,"column":20}},{"start":{"line":298,"column":12},"end":{"line":300,"column":20}},{"start":{"line":301,"column":12},"end":{"line":303,"column":20}},{"start":{"line":304,"column":12},"end":{"line":306,"column":20}},{"start":{"line":307,"column":12},"end":{"line":309,"column":20}},{"start":{"line":310,"column":12},"end":{"line":312,"column":20}},{"start":{"line":313,"column":12},"end":{"line":315,"column":20}},{"start":{"line":316,"column":12},"end":{"line":318,"column":20}},{"start":{"line":319,"column":12},"end":{"line":321,"column":20}},{"start":{"line":322,"column":12},"end":{"line":323,"column":24}}],"line":288},"33":{"loc":{"start":{"line":292,"column":17},"end":{"line":292,"column":56}},"type":"binary-expr","locations":[{"start":{"line":292,"column":17},"end":{"line":292,"column":34}},{"start":{"line":292,"column":38},"end":{"line":292,"column":56}}],"line":292},"34":{"loc":{"start":{"line":295,"column":17},"end":{"line":295,"column":56}},"type":"binary-expr","locations":[{"start":{"line":295,"column":17},"end":{"line":295,"column":34}},{"start":{"line":295,"column":38},"end":{"line":295,"column":56}}],"line":295},"35":{"loc":{"start":{"line":298,"column":17},"end":{"line":298,"column":56}},"type":"binary-expr","locations":[{"start":{"line":298,"column":17},"end":{"line":298,"column":34}},{"start":{"line":298,"column":38},"end":{"line":298,"column":56}}],"line":298},"36":{"loc":{"start":{"line":301,"column":17},"end":{"line":301,"column":56}},"type":"binary-expr","locations":[{"start":{"line":301,"column":17},"end":{"line":301,"column":34}},{"start":{"line":301,"column":38},"end":{"line":301,"column":56}}],"line":301},"37":{"loc":{"start":{"line":304,"column":17},"end":{"line":304,"column":56}},"type":"binary-expr","locations":[{"start":{"line":304,"column":17},"end":{"line":304,"column":34}},{"start":{"line":304,"column":38},"end":{"line":304,"column":56}}],"line":304},"38":{"loc":{"start":{"line":307,"column":17},"end":{"line":307,"column":56}},"type":"binary-expr","locations":[{"start":{"line":307,"column":17},"end":{"line":307,"column":34}},{"start":{"line":307,"column":38},"end":{"line":307,"column":56}}],"line":307},"39":{"loc":{"start":{"line":310,"column":17},"end":{"line":310,"column":57}},"type":"binary-expr","locations":[{"start":{"line":310,"column":17},"end":{"line":310,"column":34}},{"start":{"line":310,"column":38},"end":{"line":310,"column":57}}],"line":310},"40":{"loc":{"start":{"line":313,"column":17},"end":{"line":313,"column":58}},"type":"binary-expr","locations":[{"start":{"line":313,"column":17},"end":{"line":313,"column":35}},{"start":{"line":313,"column":39},"end":{"line":313,"column":58}}],"line":313},"41":{"loc":{"start":{"line":316,"column":17},"end":{"line":316,"column":58}},"type":"binary-expr","locations":[{"start":{"line":316,"column":17},"end":{"line":316,"column":35}},{"start":{"line":316,"column":39},"end":{"line":316,"column":58}}],"line":316},"42":{"loc":{"start":{"line":388,"column":48},"end":{"line":388,"column":71}},"type":"cond-expr","locations":[{"start":{"line":388,"column":55},"end":{"line":388,"column":66}},{"start":{"line":388,"column":69},"end":{"line":388,"column":71}}],"line":388},"43":{"loc":{"start":{"line":414,"column":7},"end":{"line":414,"column":58}},"type":"binary-expr","locations":[{"start":{"line":414,"column":7},"end":{"line":414,"column":16}},{"start":{"line":414,"column":20},"end":{"line":414,"column":58}}],"line":414}},"s":{"0":1,"1":32,"2":32,"3":32,"4":32,"5":6,"6":1,"7":32,"8":32,"9":32,"10":32,"11":32,"12":32,"13":32,"14":32,"15":32,"16":32,"17":32,"18":32,"19":32,"20":32,"21":32,"22":32,"23":32,"24":32,"25":32,"26":32,"27":32,"28":32,"29":32,"30":19,"31":11,"32":11,"33":11,"34":0,"35":11,"36":10,"37":1,"38":11,"39":6,"40":5,"41":11,"42":0,"43":0,"44":0,"45":0,"46":11,"47":1,"48":0,"49":0,"50":0,"51":1,"52":1,"53":1,"54":1,"55":1,"56":1,"57":1,"58":0,"59":10,"60":10,"61":10,"62":10,"63":11,"64":11,"65":1,"66":11,"67":11,"68":11,"69":0,"70":11,"71":11,"72":11,"73":0,"74":11,"75":11,"76":11,"77":11,"78":0,"79":11,"80":11,"81":11,"82":11,"83":11,"84":4,"85":4,"86":4,"87":4,"88":1,"89":1,"90":3,"91":1,"92":1,"93":2,"94":1,"95":1,"96":1,"97":1,"98":1,"99":4,"100":4,"101":52,"102":52,"103":52,"104":52,"105":52,"106":50,"107":2,"108":11,"109":11,"110":11,"111":11,"112":11,"113":0,"114":11,"115":0,"116":11,"117":11,"118":11,"119":11,"120":0,"121":11,"122":0,"123":11,"124":11,"125":11,"126":11,"127":11,"128":11,"129":11,"130":11,"131":55,"132":4,"133":11,"134":76,"135":52,"136":52,"137":0,"138":11,"139":11,"140":11,"141":11,"142":1,"143":1,"144":1,"145":1,"146":1,"147":1,"148":1,"149":1,"150":1,"151":1,"152":1,"153":1,"154":1,"155":1,"156":1,"157":1,"158":1,"159":1,"160":1,"161":1,"162":1,"163":1,"164":0,"165":11,"166":11,"167":19,"168":19,"169":32,"170":1,"171":1,"172":1,"173":1,"174":32,"175":13,"176":1},"f":{"0":32,"1":6,"2":6,"3":19,"4":11,"5":1,"6":4,"7":4,"8":52,"9":11,"10":19,"11":1,"12":1,"13":13,"14":1},"b":{"0":[1,5],"1":[11,0],"2":[10,1],"3":[11,11],"4":[6,5],"5":[11,11],"6":[0,11],"7":[1,10],"8":[11,11],"9":[0,1],"10":[1,0],"11":[1,10],"12":[0,11],"13":[0,11],"14":[0,11],"15":[1,3],"16":[1,2],"17":[1,1],"18":[2,1],"19":[1,0],"20":[50,2],"21":[52,50],"22":[0,11],"23":[0,11],"24":[11,10],"25":[11,0],"26":[0,11],"27":[0,11],"28":[4,51],"29":[52,24],"30":[0,52],"31":[11,0],"32":[1,1,1,1,1,1,1,1,1,1,1,0],"33":[10,10],"34":[9,9],"35":[8,8],"36":[7,7],"37":[6,6],"38":[5,5],"39":[4,4],"40":[3,3],"41":[2,2],"42":[1,31],"43":[32,1]},"_coverageSchema":"1a1c01bbd47fc00a2c39e90264f33305004495a9","hash":"9da464dcfd6e7df033b8bb970948bfaddb7ed05e"}
,"/Users/miller/Documents/rocketstart-web/client/src/reducers/index.js": {"path":"/Users/miller/Documents/rocketstart-web/client/src/reducers/index.js","statementMap":{},"fnMap":{},"branchMap":{},"s":{},"f":{},"b":{},"_coverageSchema":"1a1c01bbd47fc00a2c39e90264f33305004495a9","hash":"d18df98e40225a95fcbeeac69b850b40c3cecfac"}
,"/Users/miller/Documents/rocketstart-web/client/src/reducers/userReducer.js": {"path":"/Users/miller/Documents/rocketstart-web/client/src/reducers/userReducer.js","statementMap":{"0":{"start":{"line":12,"column":22},"end":{"line":25,"column":1}},"1":{"start":{"line":13,"column":2},"end":{"line":24,"column":3}},"2":{"start":{"line":15,"column":6},"end":{"line":15,"column":40}},"3":{"start":{"line":17,"column":6},"end":{"line":19,"column":8}},"4":{"start":{"line":18,"column":8},"end":{"line":18,"column":63}},"5":{"start":{"line":21,"column":6},"end":{"line":21,"column":40}},"6":{"start":{"line":23,"column":6},"end":{"line":23,"column":19}}},"fnMap":{"0":{"name":"(anonymous_0)","decl":{"start":{"line":12,"column":22},"end":{"line":12,"column":23}},"loc":{"start":{"line":12,"column":46},"end":{"line":25,"column":1}},"line":12},"1":{"name":"(anonymous_1)","decl":{"start":{"line":17,"column":23},"end":{"line":17,"column":24}},"loc":{"start":{"line":18,"column":8},"end":{"line":18,"column":63}},"line":18}},"branchMap":{"0":{"loc":{"start":{"line":12,"column":23},"end":{"line":12,"column":33}},"type":"default-arg","locations":[{"start":{"line":12,"column":31},"end":{"line":12,"column":33}}],"line":12},"1":{"loc":{"start":{"line":13,"column":2},"end":{"line":24,"column":3}},"type":"switch","locations":[{"start":{"line":14,"column":4},"end":{"line":15,"column":40}},{"start":{"line":16,"column":4},"end":{"line":19,"column":8}},{"start":{"line":20,"column":4},"end":{"line":21,"column":40}},{"start":{"line":22,"column":4},"end":{"line":23,"column":19}}],"line":13},"2":{"loc":{"start":{"line":18,"column":8},"end":{"line":18,"column":63}},"type":"cond-expr","locations":[{"start":{"line":18,"column":42},"end":{"line":18,"column":56}},{"start":{"line":18,"column":59},"end":{"line":18,"column":63}}],"line":18}},"s":{"0":3,"1":9,"2":0,"3":0,"4":0,"5":0,"6":9},"f":{"0":9,"1":0},"b":{"0":[9],"1":[0,0,0,9],"2":[0,0]},"_coverageSchema":"1a1c01bbd47fc00a2c39e90264f33305004495a9","hash":"0bfdfc19d6219756ae13018ead8345b76e134bd4"}
}
