TN:
SF:config/cssMock.js
FNF:0
FNH:0
DA:1,4
LF:1
LH:1
BRF:0
BRH:0
end_of_record
TN:
SF:config/fileMock.js
FNF:0
FNH:0
DA:1,1
LF:1
LH:1
BRF:0
BRH:0
end_of_record
TN:
SF:src/firebase.js
FNF:0
FNH:0
DA:4,4
DA:13,4
DA:16,4
LF:3
LH:3
BRF:0
BRH:0
end_of_record
TN:
SF:src/actions/userActions.js
FN:13,(anonymous_0)
FN:13,(anonymous_1)
FN:22,(anonymous_2)
FN:22,(anonymous_3)
FN:31,(anonymous_4)
FN:31,(anonymous_5)
FNF:6
FNH:0
FNDA:0,(anonymous_0)
FNDA:0,(anonymous_1)
FNDA:0,(anonymous_2)
FNDA:0,(anonymous_3)
FNDA:0,(anonymous_4)
FNDA:0,(anonymous_5)
DA:13,4
DA:14,0
DA:15,0
DA:16,0
DA:18,0
DA:22,4
DA:23,0
DA:24,0
DA:25,0
DA:27,0
DA:31,4
DA:32,0
DA:33,0
DA:34,0
DA:36,0
LF:15
LH:3
BRF:0
BRH:0
end_of_record
TN:
SF:src/api/index.js
FN:8,(anonymous_0)
FN:10,(anonymous_1)
FN:12,(anonymous_2)
FN:16,(anonymous_3)
FNF:4
FNH:0
FNDA:0,(anonymous_0)
FNDA:0,(anonymous_1)
FNDA:0,(anonymous_2)
FNDA:0,(anonymous_3)
DA:3,4
DA:8,4
DA:10,4
DA:12,4
DA:16,4
LF:5
LH:5
BRF:0
BRH:0
end_of_record
TN:
SF:src/components/index.js
FNF:0
FNH:0
LF:0
LH:0
BRF:0
BRH:0
end_of_record
TN:
SF:src/components/error/ErrorBox.jsx
FN:4,(anonymous_0)
FNF:1
FNH:0
FNDA:0,(anonymous_0)
DA:4,3
DA:5,0
LF:2
LH:1
BRDA:6,0,0,0
BRDA:6,0,1,0
BRF:2
BRH:0
end_of_record
TN:
SF:src/components/explanation/Explanation.jsx
FN:6,(anonymous_0)
FN:66,(anonymous_1)
FNF:2
FNH:2
FNDA:128,(anonymous_0)
FNDA:4,(anonymous_1)
DA:6,3
DA:7,128
DA:67,4
LF:3
LH:3
BRDA:10,0,0,32
BRDA:10,0,1,96
BRDA:23,1,0,0
BRDA:23,1,1,128
BRDA:30,2,0,0
BRDA:30,2,1,128
BRDA:38,3,0,1
BRDA:38,3,1,127
BRDA:46,4,0,1
BRDA:46,4,1,127
BRDA:54,5,0,1
BRDA:54,5,1,127
BRDA:63,6,0,1
BRDA:63,6,1,127
BRDA:66,7,0,32
BRDA:66,7,1,96
BRF:16
BRH:14
end_of_record
TN:
SF:src/components/featureCards/FeatureCards.jsx
FN:4,(anonymous_0)
FNF:1
FNH:0
FNDA:0,(anonymous_0)
DA:4,3
DA:5,0
LF:2
LH:1
BRF:0
BRH:0
end_of_record
TN:
SF:src/components/insight/Insight.jsx
FN:4,(anonymous_0)
FN:17,(anonymous_1)
FNF:2
FNH:1
FNDA:128,(anonymous_0)
FNDA:0,(anonymous_1)
DA:4,3
DA:13,128
DA:17,0
LF:3
LH:2
BRDA:16,0,0,32
BRDA:16,0,1,96
BRDA:25,1,0,30
BRDA:25,1,1,98
BRDA:33,2,0,1
BRDA:33,2,1,127
BRF:6
BRH:6
end_of_record
TN:
SF:src/components/navbar/Navbar.jsx
FN:9,(anonymous_0)
FN:26,(anonymous_1)
FN:39,handleUserLogin
FN:125,(anonymous_3)
FN:135,(anonymous_4)
FN:160,(anonymous_5)
FN:167,(anonymous_6)
FN:181,(anonymous_7)
FN:190,(anonymous_8)
FNF:9
FNH:0
FNDA:0,(anonymous_0)
FNDA:0,(anonymous_1)
FNDA:0,handleUserLogin
FNDA:0,(anonymous_3)
FNDA:0,(anonymous_4)
FNDA:0,(anonymous_5)
FNDA:0,(anonymous_6)
FNDA:0,(anonymous_7)
FNDA:0,(anonymous_8)
DA:9,3
DA:10,0
DA:26,3
DA:27,0
DA:28,0
DA:29,0
DA:30,0
DA:31,0
DA:32,0
DA:33,0
DA:34,0
DA:35,0
DA:36,0
DA:37,0
DA:41,0
DA:42,0
DA:43,0
DA:45,0
DA:46,0
DA:47,0
DA:48,0
DA:49,0
DA:50,0
DA:51,0
DA:52,0
DA:53,0
DA:57,0
DA:58,0
DA:59,0
DA:60,0
DA:61,0
DA:62,0
DA:63,0
DA:64,0
DA:65,0
DA:70,0
DA:71,0
DA:72,0
DA:73,0
DA:74,0
DA:79,0
DA:81,0
DA:126,0
DA:136,0
DA:160,0
DA:167,0
DA:182,0
DA:191,0
LF:48
LH:2
BRDA:43,0,0,0
BRDA:43,0,1,0
BRDA:70,1,0,0
BRDA:70,1,1,0
BRDA:71,2,0,0
BRDA:71,2,1,0
BRDA:72,3,0,0
BRDA:72,3,1,0
BRDA:73,4,0,0
BRDA:73,4,1,0
BRDA:74,5,0,0
BRDA:74,5,1,0
BRDA:120,6,0,0
BRDA:120,6,1,0
BRDA:157,7,0,0
BRDA:157,7,1,0
BRDA:172,8,0,0
BRDA:172,8,1,0
BRDA:177,9,0,0
BRDA:177,9,1,0
BRDA:218,10,0,0
BRDA:218,10,1,0
BRF:22
BRH:0
end_of_record
TN:
SF:src/components/navbar2/Navbar2.jsx
FN:10,(anonymous_0)
FN:14,handleLogOut
FN:43,(anonymous_2)
FN:53,handleModalOpen
FN:81,(anonymous_4)
FN:96,(anonymous_5)
FN:110,(anonymous_6)
FN:113,(anonymous_7)
FN:133,(anonymous_8)
FN:140,(anonymous_9)
FNF:10
FNH:3
FNDA:0,(anonymous_0)
FNDA:0,handleLogOut
FNDA:32,(anonymous_2)
FNDA:0,handleModalOpen
FNDA:32,(anonymous_4)
FNDA:32,(anonymous_5)
FNDA:0,(anonymous_6)
FNDA:0,(anonymous_7)
FNDA:0,(anonymous_8)
FNDA:0,(anonymous_9)
DA:10,3
DA:11,0
DA:12,0
DA:15,0
DA:16,0
DA:17,0
DA:23,0
DA:43,3
DA:44,32
DA:47,32
DA:50,32
DA:51,32
DA:54,0
DA:55,0
DA:59,32
DA:60,32
DA:61,32
DA:64,32
DA:66,32
DA:81,32
DA:96,32
DA:111,0
DA:114,0
DA:133,0
DA:140,0
LF:25
LH:13
BRDA:51,0,0,32
BRDA:51,0,1,0
BRDA:81,1,0,0
BRDA:81,1,1,32
BRDA:96,2,0,0
BRDA:96,2,1,32
BRDA:118,3,0,0
BRDA:118,3,1,32
BRDA:130,4,0,0
BRDA:130,4,1,32
BRDA:145,5,0,32
BRDA:145,5,1,0
BRDA:155,6,0,32
BRDA:155,6,1,0
BRF:14
BRH:7
end_of_record
TN:
SF:src/components/navbar3/Navbar3.jsx
FN:6,(anonymous_0)
FNF:1
FNH:0
FNDA:0,(anonymous_0)
DA:6,3
DA:7,0
LF:2
LH:1
BRF:0
BRH:0
end_of_record
TN:
SF:src/components/processFeature/ProcessFeature.jsx
FN:7,(anonymous_0)
FNF:1
FNH:1
FNDA:2,(anonymous_0)
DA:7,3
DA:8,2
LF:2
LH:2
BRF:0
BRH:0
end_of_record
TN:
SF:src/components/productFeature/ProductFeature.jsx
FN:7,(anonymous_0)
FNF:1
FNH:0
FNDA:0,(anonymous_0)
DA:7,3
DA:22,0
LF:2
LH:1
BRF:0
BRH:0
end_of_record
TN:
SF:src/components/question/Question.jsx
FN:5,(anonymous_0)
FN:15,handleClick
FN:16,(anonymous_2)
FN:17,(anonymous_3)
FN:18,(anonymous_4)
FNF:5
FNH:5
FNDA:6,(anonymous_0)
FNDA:1,handleClick
FNDA:1,(anonymous_2)
FNDA:1,(anonymous_3)
FNDA:1,(anonymous_4)
DA:5,3
DA:6,6
DA:7,6
DA:8,6
DA:11,6
DA:12,6
DA:13,6
DA:16,1
DA:17,1
DA:18,1
DA:21,6
LF:11
LH:11
BRDA:11,0,0,1
BRDA:11,0,1,5
BRDA:12,1,0,1
BRDA:12,1,1,5
BRDA:13,2,0,1
BRDA:13,2,1,5
BRF:6
BRH:6
end_of_record
TN:
SF:src/components/verbExample/VerbExample.jsx
FN:4,(anonymous_0)
FNF:1
FNH:1
FNDA:4,(anonymous_0)
DA:4,3
DA:5,4
LF:2
LH:2
BRF:0
BRH:0
end_of_record
TN:
SF:src/constants/actionTypes.js
FNF:0
FNH:0
DA:1,4
DA:2,4
DA:3,4
DA:4,4
LF:4
LH:4
BRF:0
BRH:0
end_of_record
TN:
SF:src/containers/index.js
FNF:0
FNH:0
LF:0
LH:0
BRF:0
BRH:0
end_of_record
TN:
SF:src/containers/calltoaction/CallToAction.jsx
FN:6,(anonymous_0)
FN:7,buttonClick
FNF:2
FNH:2
FNDA:1,(anonymous_0)
FNDA:1,buttonClick
DA:6,1
DA:11,1
LF:2
LH:2
BRF:0
BRH:0
end_of_record
TN:
SF:src/containers/footer/Footer.jsx
FN:8,(anonymous_0)
FNF:1
FNH:1
FNDA:1,(anonymous_0)
DA:8,1
DA:9,1
LF:2
LH:2
BRF:0
BRH:0
end_of_record
TN:
SF:src/containers/header/Header.jsx
FN:8,(anonymous_0)
FN:9,buttonClick
FNF:2
FNH:2
FNDA:1,(anonymous_0)
FNDA:1,buttonClick
DA:8,1
DA:13,1
LF:2
LH:2
BRF:0
BRH:0
end_of_record
TN:
SF:src/containers/privacy-policy/PrivacyPolicy.jsx
FN:4,(anonymous_0)
FNF:1
FNH:1
FNDA:1,(anonymous_0)
DA:4,1
DA:5,1
LF:2
LH:2
BRF:0
BRH:0
end_of_record
TN:
SF:src/containers/process/Process.jsx
FN:26,(anonymous_0)
FN:35,(anonymous_1)
FNF:2
FNH:2
FNDA:1,(anonymous_0)
FNDA:2,(anonymous_1)
DA:6,1
DA:26,1
DA:27,1
DA:36,2
LF:4
LH:4
BRF:0
BRH:0
end_of_record
TN:
SF:src/containers/questions/Questions.jsx
FN:35,(anonymous_0)
FN:53,(anonymous_1)
FNF:2
FNH:2
FNDA:1,(anonymous_0)
FNDA:5,(anonymous_1)
DA:6,1
DA:35,1
DA:36,1
DA:54,5
LF:4
LH:4
BRF:0
BRH:0
end_of_record
TN:
SF:src/containers/terms-conditions/TermsConditions.jsx
FN:3,(anonymous_0)
FNF:1
FNH:1
FNDA:1,(anonymous_0)
DA:3,1
DA:4,1
LF:2
LH:2
BRF:0
BRH:0
end_of_record
TN:
SF:src/context/AuthProvider.js
FN:13,UserAuthContextProvider
FN:16,register
FN:20,logIn
FN:24,logOut
FN:28,changeEmail
FN:32,checkEmail
FN:37,(anonymous_6)
FN:38,(anonymous_7)
FN:42,(anonymous_8)
FN:56,useUserAuth
FNF:10
FNH:1
FNDA:0,UserAuthContextProvider
FNDA:0,register
FNDA:0,logIn
FNDA:0,logOut
FNDA:0,changeEmail
FNDA:0,checkEmail
FNDA:0,(anonymous_6)
FNDA:0,(anonymous_7)
FNDA:0,(anonymous_8)
FNDA:49,useUserAuth
DA:11,4
DA:14,0
DA:17,0
DA:21,0
DA:25,0
DA:29,0
DA:33,0
DA:34,0
DA:37,0
DA:38,0
DA:39,0
DA:42,0
DA:43,0
DA:47,0
DA:57,49
LF:15
LH:2
BRF:0
BRH:0
end_of_record
TN:
SF:src/modals/index.js
FNF:0
FNH:0
LF:0
LH:0
BRF:0
BRH:0
end_of_record
TN:
SF:src/modals/account/Account.jsx
FN:8,(anonymous_0)
FN:13,(anonymous_1)
FN:20,handleLogOut
FNF:3
FNH:0
FNDA:0,(anonymous_0)
FNDA:0,(anonymous_1)
FNDA:0,handleLogOut
DA:8,3
DA:9,0
DA:10,0
DA:11,0
DA:13,0
DA:14,0
DA:15,0
DA:16,0
DA:21,0
DA:22,0
DA:23,0
DA:25,0
DA:29,0
LF:13
LH:1
BRDA:14,0,0,0
BRDA:14,0,1,0
BRF:2
BRH:0
end_of_record
TN:
SF:src/modals/account/useOutsideClick.js
FN:4,useOutsideClick
FN:5,(anonymous_1)
FN:6,(anonymous_2)
FN:14,(anonymous_3)
FNF:4
FNH:0
FNDA:0,useOutsideClick
FNDA:0,(anonymous_1)
FNDA:0,(anonymous_2)
FNDA:0,(anonymous_3)
DA:5,0
DA:6,0
DA:7,0
DA:8,0
DA:10,0
DA:12,0
DA:13,0
DA:14,0
DA:15,0
DA:16,0
LF:10
LH:0
BRDA:7,0,0,0
BRDA:7,0,1,0
BRDA:7,1,0,0
BRDA:7,1,1,0
BRF:4
BRH:0
end_of_record
TN:
SF:src/modals/signUp/SignUp.jsx
FN:12,(anonymous_0)
FN:61,(anonymous_1)
FN:70,modalClose
FN:79,handleFormSubmit
FN:188,handleModalSwitch
FN:238,handleCheckChange
FN:264,(anonymous_6)
FN:278,(anonymous_7)
FN:290,(anonymous_8)
FN:300,(anonymous_9)
FN:327,(anonymous_10)
FN:337,(anonymous_11)
FNF:12
FNH:10
FNDA:10,(anonymous_0)
FNDA:4,(anonymous_1)
FNDA:0,modalClose
FNDA:0,handleFormSubmit
FNDA:2,handleModalSwitch
FNDA:1,handleCheckChange
FNDA:1,(anonymous_6)
FNDA:1,(anonymous_7)
FNDA:1,(anonymous_8)
FNDA:1,(anonymous_9)
FNDA:1,(anonymous_10)
FNDA:1,(anonymous_11)
DA:12,3
DA:38,10
DA:40,10
DA:47,10
DA:49,10
DA:52,10
DA:54,10
DA:55,10
DA:58,10
DA:59,10
DA:61,10
DA:62,4
DA:63,0
DA:65,4
DA:71,0
DA:72,0
DA:76,10
DA:77,10
DA:80,0
DA:82,0
DA:84,0
DA:86,0
DA:87,0
DA:88,0
DA:89,0
DA:91,0
DA:92,0
DA:93,0
DA:94,0
DA:95,0
DA:96,0
DA:97,0
DA:98,0
DA:99,0
DA:100,0
DA:101,0
DA:102,0
DA:104,0
DA:105,0
DA:108,0
DA:110,0
DA:113,0
DA:114,0
DA:115,0
DA:122,0
DA:123,0
DA:125,0
DA:126,0
DA:127,0
DA:128,0
DA:129,0
DA:130,0
DA:131,0
DA:132,0
DA:133,0
DA:134,0
DA:135,0
DA:136,0
DA:137,0
DA:138,0
DA:139,0
DA:141,0
DA:142,0
DA:145,0
DA:147,0
DA:149,0
DA:150,0
DA:151,0
DA:152,0
DA:153,0
DA:154,0
DA:156,0
DA:157,0
DA:158,0
DA:159,0
DA:160,0
DA:161,0
DA:162,0
DA:163,0
DA:164,0
DA:167,0
DA:168,0
DA:169,0
DA:170,0
DA:171,0
DA:172,0
DA:173,0
DA:174,0
DA:175,0
DA:176,0
DA:177,0
DA:178,0
DA:180,0
DA:181,0
DA:189,2
DA:190,2
DA:191,0
DA:192,0
DA:193,0
DA:194,0
DA:195,0
DA:196,0
DA:197,0
DA:198,0
DA:199,0
DA:201,0
DA:202,0
DA:203,0
DA:204,2
DA:208,0
DA:209,0
DA:210,0
DA:211,0
DA:212,0
DA:213,0
DA:214,0
DA:215,0
DA:216,0
DA:218,0
DA:219,0
DA:220,0
DA:222,2
DA:223,2
DA:224,2
DA:225,2
DA:226,2
DA:227,2
DA:228,2
DA:229,0
DA:231,2
DA:232,2
DA:233,2
DA:239,1
DA:242,10
DA:265,1
DA:279,1
DA:291,1
DA:301,1
DA:328,1
DA:338,1
LF:140
LH:36
BRDA:62,0,0,0
BRDA:62,0,1,4
BRDA:62,1,0,4
BRDA:62,1,1,0
BRDA:82,2,0,0
BRDA:82,2,1,0
BRDA:91,3,0,0
BRDA:91,3,1,0
BRDA:94,4,0,0
BRDA:94,4,1,0
BRDA:97,5,0,0
BRDA:97,5,1,0
BRDA:100,6,0,0
BRDA:100,6,1,0
BRDA:108,7,0,0
BRDA:108,7,1,0
BRDA:125,8,0,0
BRDA:125,8,1,0
BRDA:128,9,0,0
BRDA:128,9,1,0
BRDA:131,10,0,0
BRDA:131,10,1,0
BRDA:134,11,0,0
BRDA:134,11,1,0
BRDA:137,12,0,0
BRDA:137,12,1,0
BRDA:145,13,0,0
BRDA:145,13,1,0
BRDA:151,14,0,0
BRDA:151,14,1,0
BRDA:163,15,0,0
BRDA:163,15,1,0
BRDA:167,16,0,0
BRDA:167,16,1,0
BRDA:170,17,0,0
BRDA:170,17,1,0
BRDA:173,18,0,0
BRDA:173,18,1,0
BRDA:176,19,0,0
BRDA:176,19,1,0
BRDA:190,20,0,0
BRDA:190,20,1,2
BRDA:190,21,0,2
BRDA:190,21,1,1
BRDA:198,22,0,0
BRDA:198,22,1,0
BRDA:204,23,0,0
BRDA:204,23,1,2
BRDA:205,24,0,2
BRDA:205,24,1,1
BRDA:205,24,2,2
BRDA:205,24,3,1
BRDA:215,25,0,0
BRDA:215,25,1,0
BRDA:228,26,0,0
BRDA:228,26,1,2
BRDA:344,27,0,10
BRDA:344,27,1,0
BRF:58
BRH:12
end_of_record
TN:
SF:src/modals/verification/Verification.jsx
FN:8,(anonymous_0)
FN:26,resendVerificationEmail
FN:37,editingEmail
FN:48,handleEmailEdit
FN:72,(anonymous_4)
FN:103,(anonymous_5)
FNF:6
FNH:6
FNDA:7,(anonymous_0)
FNDA:1,resendVerificationEmail
FNDA:2,editingEmail
FNDA:2,handleEmailEdit
FNDA:7,(anonymous_4)
FNDA:2,(anonymous_5)
DA:8,2
DA:9,7
DA:11,7
DA:14,7
DA:17,7
DA:19,7
DA:21,7
DA:23,7
DA:27,1
DA:28,1
DA:29,1
DA:30,0
DA:32,1
DA:38,2
DA:39,2
DA:40,0
DA:43,2
DA:49,2
DA:51,1
DA:52,1
DA:55,1
DA:57,0
DA:58,0
DA:60,1
DA:62,1
DA:63,1
DA:64,1
DA:65,1
DA:66,1
DA:72,7
DA:74,7
DA:77,7
DA:103,2
LF:33
LH:29
BRDA:39,0,0,0
BRDA:39,0,1,2
BRDA:49,1,0,1
BRDA:49,1,1,1
BRDA:55,2,0,0
BRDA:55,2,1,1
BRDA:60,3,0,1
BRDA:60,3,1,0
BRF:8
BRH:5
end_of_record
TN:
SF:src/pages/message/Message.jsx
FN:10,(anonymous_0)
FN:17,(anonymous_1)
FN:23,(anonymous_2)
FN:67,(anonymous_3)
FN:68,(anonymous_4)
FN:110,(anonymous_5)
FN:164,examplePhrases
FN:182,(anonymous_7)
FN:189,syllable
FN:206,messageAnalysis
FN:339,(anonymous_10)
FN:343,(anonymous_11)
FN:346,(anonymous_12)
FN:382,(anonymous_13)
FN:396,(anonymous_14)
FNF:15
FNH:15
FNDA:32,(anonymous_0)
FNDA:6,(anonymous_1)
FNDA:6,(anonymous_2)
FNDA:19,(anonymous_3)
FNDA:11,(anonymous_4)
FNDA:1,(anonymous_5)
FNDA:4,examplePhrases
FNDA:4,(anonymous_7)
FNDA:52,syllable
FNDA:11,messageAnalysis
FNDA:19,(anonymous_10)
FNDA:1,(anonymous_11)
FNDA:1,(anonymous_12)
FNDA:13,(anonymous_13)
FNDA:1,(anonymous_14)
DA:10,1
DA:12,32
DA:13,32
DA:15,32
DA:17,32
DA:18,6
DA:19,1
DA:23,32
DA:30,32
DA:33,32
DA:34,32
DA:35,32
DA:36,32
DA:37,32
DA:40,32
DA:41,32
DA:42,32
DA:43,32
DA:46,32
DA:47,32
DA:48,32
DA:49,32
DA:52,32
DA:53,32
DA:54,32
DA:55,32
DA:58,32
DA:61,32
DA:64,32
DA:67,32
DA:68,19
DA:69,11
DA:73,11
DA:74,11
DA:76,0
DA:78,11
DA:79,10
DA:81,1
DA:83,11
DA:84,6
DA:86,5
DA:89,11
DA:91,0
DA:92,0
DA:93,0
DA:94,0
DA:95,11
DA:97,1
DA:99,0
DA:100,0
DA:101,0
DA:103,1
DA:105,1
DA:107,1
DA:108,1
DA:109,1
DA:110,1
DA:112,0
DA:116,10
DA:117,10
DA:118,10
DA:119,10
DA:123,11
DA:125,11
DA:126,1
DA:128,11
DA:131,11
DA:133,11
DA:134,0
DA:136,11
DA:139,11
DA:141,11
DA:142,0
DA:144,11
DA:147,11
DA:148,11
DA:149,11
DA:150,0
DA:153,11
DA:155,11
DA:157,11
DA:159,11
DA:161,4
DA:165,4
DA:166,4
DA:168,4
DA:169,1
DA:170,1
DA:171,3
DA:172,1
DA:173,1
DA:174,2
DA:175,1
DA:176,1
DA:177,1
DA:178,1
DA:179,1
DA:182,4
DA:190,52
DA:192,52
DA:196,52
DA:197,52
DA:198,52
DA:200,50
DA:202,2
DA:208,11
DA:209,11
DA:212,11
DA:216,11
DA:217,11
DA:218,0
DA:219,11
DA:220,0
DA:224,11
DA:229,11
DA:233,11
DA:238,11
DA:239,0
DA:242,11
DA:243,0
DA:247,11
DA:248,11
DA:249,11
DA:250,11
DA:253,11
DA:254,11
DA:255,11
DA:257,55
DA:258,4
DA:262,11
DA:263,76
DA:265,52
DA:266,52
DA:268,0
DA:281,11
DA:282,11
DA:284,11
DA:288,11
DA:290,1
DA:291,1
DA:293,1
DA:294,1
DA:296,1
DA:297,1
DA:299,1
DA:300,1
DA:302,1
DA:303,1
DA:305,1
DA:306,1
DA:308,1
DA:309,1
DA:311,1
DA:312,1
DA:314,1
DA:315,1
DA:317,1
DA:318,1
DA:320,1
DA:321,1
DA:323,0
DA:327,11
DA:335,11
DA:339,19
DA:343,32
DA:344,1
DA:345,1
DA:346,1
DA:347,1
DA:351,32
DA:382,13
DA:396,1
LF:172
LH:154
BRDA:18,0,0,1
BRDA:18,0,1,5
BRDA:73,1,0,11
BRDA:73,1,1,0
BRDA:78,2,0,10
BRDA:78,2,1,1
BRDA:78,3,0,11
BRDA:78,3,1,11
BRDA:83,4,0,6
BRDA:83,4,1,5
BRDA:83,5,0,11
BRDA:83,5,1,11
BRDA:89,6,0,0
BRDA:89,6,1,11
BRDA:95,7,0,1
BRDA:95,7,1,10
BRDA:95,8,0,11
BRDA:95,8,1,11
BRDA:97,9,0,0
BRDA:97,9,1,1
BRDA:105,10,0,1
BRDA:105,10,1,0
BRDA:125,11,0,1
BRDA:125,11,1,10
BRDA:133,12,0,0
BRDA:133,12,1,11
BRDA:141,13,0,0
BRDA:141,13,1,11
BRDA:149,14,0,0
BRDA:149,14,1,11
BRDA:168,15,0,1
BRDA:168,15,1,3
BRDA:171,16,0,1
BRDA:171,16,1,2
BRDA:174,17,0,1
BRDA:174,17,1,1
BRDA:174,18,0,2
BRDA:174,18,1,1
BRDA:177,19,0,1
BRDA:177,19,1,0
BRDA:198,20,0,50
BRDA:198,20,1,2
BRDA:198,21,0,52
BRDA:198,21,1,50
BRDA:217,22,0,0
BRDA:217,22,1,11
BRDA:219,23,0,0
BRDA:219,23,1,11
BRDA:224,24,0,11
BRDA:224,24,1,10
BRDA:224,25,0,11
BRDA:224,25,1,0
BRDA:238,26,0,0
BRDA:238,26,1,11
BRDA:242,27,0,0
BRDA:242,27,1,11
BRDA:257,28,0,4
BRDA:257,28,1,51
BRDA:263,29,0,52
BRDA:263,29,1,24
BRDA:266,30,0,0
BRDA:266,30,1,52
BRDA:282,31,0,11
BRDA:282,31,1,0
BRDA:288,32,0,1
BRDA:288,32,1,1
BRDA:288,32,2,1
BRDA:288,32,3,1
BRDA:288,32,4,1
BRDA:288,32,5,1
BRDA:288,32,6,1
BRDA:288,32,7,1
BRDA:288,32,8,1
BRDA:288,32,9,1
BRDA:288,32,10,1
BRDA:288,32,11,0
BRDA:292,33,0,10
BRDA:292,33,1,10
BRDA:295,34,0,9
BRDA:295,34,1,9
BRDA:298,35,0,8
BRDA:298,35,1,8
BRDA:301,36,0,7
BRDA:301,36,1,7
BRDA:304,37,0,6
BRDA:304,37,1,6
BRDA:307,38,0,5
BRDA:307,38,1,5
BRDA:310,39,0,4
BRDA:310,39,1,4
BRDA:313,40,0,3
BRDA:313,40,1,3
BRDA:316,41,0,2
BRDA:316,41,1,2
BRDA:388,42,0,1
BRDA:388,42,1,31
BRDA:414,43,0,32
BRDA:414,43,1,1
BRF:98
BRH:82
end_of_record
TN:
SF:src/reducers/index.js
FNF:0
FNH:0
LF:0
LH:0
BRF:0
BRH:0
end_of_record
TN:
SF:src/reducers/userReducer.js
FN:12,(anonymous_0)
FN:17,(anonymous_1)
FNF:2
FNH:1
FNDA:9,(anonymous_0)
FNDA:0,(anonymous_1)
DA:12,3
DA:13,9
DA:15,0
DA:17,0
DA:18,0
DA:21,0
DA:23,9
LF:7
LH:3
BRDA:12,0,0,9
BRDA:13,1,0,0
BRDA:13,1,1,0
BRDA:13,1,2,0
BRDA:13,1,3,9
BRDA:18,2,0,0
BRDA:18,2,1,0
BRF:7
BRH:2
end_of_record
